Unable to capture context for thread 7620 in process 4352, can not generate back trace
Unable to capture context for thread 8268 in process 4352, can not generate back trace
Unable to capture context for thread 4888 in process 4352, can not generate back trace
Unable to capture context for thread 11424 in process 4352, can not generate back trace
Exception at PC 0x00007FF8C914BB93
Printing stacktrace...

[0]  [0x00007FF8C914BB93]
[1]  [0x00007FF8C914BB93]
[2]  [0x00007FF8C914B4A1]
[3]  [0x00007FF8C914B3EF]
[4]  [0x00007FF8C91319FE]
[5]  [0x00007FF8C9130ED1]
[6]  [0x00007FF8C9130D76]
[7]  [0x00007FF8C90D79F6]
[8]  [0x00007FF8C90C7AFB]
[9]  [0x00007FF8C91EE90A]
[10]  [0x00007FF8C9209F87]
[11]  [0x00007FF8C920A05F]
[12] (BaseThreadInitThunk+0x14) [0x00007FF8F82B3034]
[13] (RtlUserThreadStart+0x21) [0x00007FF8F9A01461]
Done
Exception at PC 0x00007FF8C8E51A52
Attemped to write at address 0x00007FF8D38BABA4
Printing stacktrace...

[0]  [0x00007FF8C8E51A52]
[1]  [0x00007FF8C8E51A52]
[2]  [0x00007FF8C8E51AD4]
[3]  [0x00007FF8C8F93FF7]
[4]  [0x00007FF8C8E79128]
[5]  [0x00007FF8C912DFB9]
[6]  [0x00007FF8C92FEF23]
[7]  [0x00007FF8C920B06B]
[8]  [0x00007FF8C92008AF]
[9]  [0x00007FF8C9200A32]
[10] (RtlActivateActivationContextUnsafeFast+0x123) [0x00007FF8F99C4053]
[11] (LdrShutdownProcess+0x125) [0x00007FF8F99D0A05]
[12] (RtlExitUserProcess+0xd8) [0x00007FF8F99D08C8]
[13] (FatalExit+0xa) [0x00007FF8F82BB19A]
[14] (exit+0x75) [0x00007FF8F92A9CE5]
[15] (initterm_e+0x235) [0x00007FF8F92AA345]
[16]  [0x00000000004014CD]
[17]  [0x000000000040151B]
[18] (BaseThreadInitThunk+0x14) [0x00007FF8F82B3034]
[19] (RtlUserThreadStart+0x21) [0x00007FF8F9A01461]
Done
