Copyright 1986-2017 Xilinx, Inc. All Rights Reserved.
-----------------------------------------------------------------------------------------------------------------------
| Tool Version : Vivado v.2017.2 (win64) Build 1909853 Thu Jun 15 18:39:09 MDT 2017
| Date         : Fri Jun  8 14:20:12 2018
| Host         : DESKTOP-KM458MG running 64-bit major release  (build 9200)
| Command      : report_methodology -file lab4_cal_methodology_drc_routed.rpt -rpx lab4_cal_methodology_drc_routed.rpx
| Design       : lab4_cal
| Device       : xc7a100tcsg324-1
| Speed File   : -1
| Design State : Routed
-----------------------------------------------------------------------------------------------------------------------

Report Methodology

Table of Contents
-----------------
1. REPORT SUMMARY
2. REPORT DETAILS

1. REPORT SUMMARY
-----------------
            Netlist: netlist
          Floorplan: design_1
      Design limits: <entire design considered>
             Max violations: <unlimited>
             Violations found: 75
+-----------+----------+-----------------------------+------------+
| Rule      | Severity | Description                 | Violations |
+-----------+----------+-----------------------------+------------+
| TIMING-17 | Warning  | Non-clocked sequential cell | 37         |
| TIMING-20 | Warning  | Non-clocked latch           | 38         |
+-----------+----------+-----------------------------+------------+

2. REPORT DETAILS
-----------------
TIMING-17#1 Warning
Non-clocked sequential cell  
The clock pin my_coun/out_reg[0]/C is not reached by a timing clock
Related violations: <none>

TIMING-17#2 Warning
Non-clocked sequential cell  
The clock pin my_coun/out_reg[1]/C is not reached by a timing clock
Related violations: <none>

TIMING-17#3 Warning
Non-clocked sequential cell  
The clock pin my_coun/out_reg[2]/C is not reached by a timing clock
Related violations: <none>

TIMING-17#4 Warning
Non-clocked sequential cell  
The clock pin my_datapath/Mem/ram_reg_0_15_0_0/SP/CLK is not reached by a timing clock
Related violations: <none>

TIMING-17#5 Warning
Non-clocked sequential cell  
The clock pin my_datapath/Mem/ram_reg_0_15_10_10/SP/CLK is not reached by a timing clock
Related violations: <none>

TIMING-17#6 Warning
Non-clocked sequential cell  
The clock pin my_datapath/Mem/ram_reg_0_15_11_11/SP/CLK is not reached by a timing clock
Related violations: <none>

TIMING-17#7 Warning
Non-clocked sequential cell  
The clock pin my_datapath/Mem/ram_reg_0_15_12_12/SP/CLK is not reached by a timing clock
Related violations: <none>

TIMING-17#8 Warning
Non-clocked sequential cell  
The clock pin my_datapath/Mem/ram_reg_0_15_13_13/SP/CLK is not reached by a timing clock
Related violations: <none>

TIMING-17#9 Warning
Non-clocked sequential cell  
The clock pin my_datapath/Mem/ram_reg_0_15_14_14/SP/CLK is not reached by a timing clock
Related violations: <none>

TIMING-17#10 Warning
Non-clocked sequential cell  
The clock pin my_datapath/Mem/ram_reg_0_15_15_15/SP/CLK is not reached by a timing clock
Related violations: <none>

TIMING-17#11 Warning
Non-clocked sequential cell  
The clock pin my_datapath/Mem/ram_reg_0_15_16_16/SP/CLK is not reached by a timing clock
Related violations: <none>

TIMING-17#12 Warning
Non-clocked sequential cell  
The clock pin my_datapath/Mem/ram_reg_0_15_17_17/SP/CLK is not reached by a timing clock
Related violations: <none>

TIMING-17#13 Warning
Non-clocked sequential cell  
The clock pin my_datapath/Mem/ram_reg_0_15_18_18/SP/CLK is not reached by a timing clock
Related violations: <none>

TIMING-17#14 Warning
Non-clocked sequential cell  
The clock pin my_datapath/Mem/ram_reg_0_15_19_19/SP/CLK is not reached by a timing clock
Related violations: <none>

TIMING-17#15 Warning
Non-clocked sequential cell  
The clock pin my_datapath/Mem/ram_reg_0_15_1_1/SP/CLK is not reached by a timing clock
Related violations: <none>

TIMING-17#16 Warning
Non-clocked sequential cell  
The clock pin my_datapath/Mem/ram_reg_0_15_20_20/SP/CLK is not reached by a timing clock
Related violations: <none>

TIMING-17#17 Warning
Non-clocked sequential cell  
The clock pin my_datapath/Mem/ram_reg_0_15_21_21/SP/CLK is not reached by a timing clock
Related violations: <none>

TIMING-17#18 Warning
Non-clocked sequential cell  
The clock pin my_datapath/Mem/ram_reg_0_15_22_22/SP/CLK is not reached by a timing clock
Related violations: <none>

TIMING-17#19 Warning
Non-clocked sequential cell  
The clock pin my_datapath/Mem/ram_reg_0_15_23_23/SP/CLK is not reached by a timing clock
Related violations: <none>

TIMING-17#20 Warning
Non-clocked sequential cell  
The clock pin my_datapath/Mem/ram_reg_0_15_24_24/SP/CLK is not reached by a timing clock
Related violations: <none>

TIMING-17#21 Warning
Non-clocked sequential cell  
The clock pin my_datapath/Mem/ram_reg_0_15_25_25/SP/CLK is not reached by a timing clock
Related violations: <none>

TIMING-17#22 Warning
Non-clocked sequential cell  
The clock pin my_datapath/Mem/ram_reg_0_15_26_26/SP/CLK is not reached by a timing clock
Related violations: <none>

TIMING-17#23 Warning
Non-clocked sequential cell  
The clock pin my_datapath/Mem/ram_reg_0_15_27_27/SP/CLK is not reached by a timing clock
Related violations: <none>

TIMING-17#24 Warning
Non-clocked sequential cell  
The clock pin my_datapath/Mem/ram_reg_0_15_28_28/SP/CLK is not reached by a timing clock
Related violations: <none>

TIMING-17#25 Warning
Non-clocked sequential cell  
The clock pin my_datapath/Mem/ram_reg_0_15_29_29/SP/CLK is not reached by a timing clock
Related violations: <none>

TIMING-17#26 Warning
Non-clocked sequential cell  
The clock pin my_datapath/Mem/ram_reg_0_15_2_2/SP/CLK is not reached by a timing clock
Related violations: <none>

TIMING-17#27 Warning
Non-clocked sequential cell  
The clock pin my_datapath/Mem/ram_reg_0_15_30_30/SP/CLK is not reached by a timing clock
Related violations: <none>

TIMING-17#28 Warning
Non-clocked sequential cell  
The clock pin my_datapath/Mem/ram_reg_0_15_31_31/SP/CLK is not reached by a timing clock
Related violations: <none>

TIMING-17#29 Warning
Non-clocked sequential cell  
The clock pin my_datapath/Mem/ram_reg_0_15_3_3/SP/CLK is not reached by a timing clock
Related violations: <none>

TIMING-17#30 Warning
Non-clocked sequential cell  
The clock pin my_datapath/Mem/ram_reg_0_15_4_4/SP/CLK is not reached by a timing clock
Related violations: <none>

TIMING-17#31 Warning
Non-clocked sequential cell  
The clock pin my_datapath/Mem/ram_reg_0_15_5_5/SP/CLK is not reached by a timing clock
Related violations: <none>

TIMING-17#32 Warning
Non-clocked sequential cell  
The clock pin my_datapath/Mem/ram_reg_0_15_6_6/SP/CLK is not reached by a timing clock
Related violations: <none>

TIMING-17#33 Warning
Non-clocked sequential cell  
The clock pin my_datapath/Mem/ram_reg_0_15_7_7/SP/CLK is not reached by a timing clock
Related violations: <none>

TIMING-17#34 Warning
Non-clocked sequential cell  
The clock pin my_datapath/Mem/ram_reg_0_15_8_8/SP/CLK is not reached by a timing clock
Related violations: <none>

TIMING-17#35 Warning
Non-clocked sequential cell  
The clock pin my_datapath/Mem/ram_reg_0_15_9_9/SP/CLK is not reached by a timing clock
Related violations: <none>

TIMING-17#36 Warning
Non-clocked sequential cell  
The clock pin my_fsm/state_reg[0]/C is not reached by a timing clock
Related violations: <none>

TIMING-17#37 Warning
Non-clocked sequential cell  
The clock pin my_fsm/state_reg[1]/C is not reached by a timing clock
Related violations: <none>

TIMING-20#1 Warning
Non-clocked latch  
The latch my_datapath/Reg_1/num_out_reg[0] cannot be properly analyzed as its control pin my_datapath/Reg_1/num_out_reg[0]/G is not reached by a timing clock
Related violations: <none>

TIMING-20#2 Warning
Non-clocked latch  
The latch my_datapath/Reg_1/num_out_reg[10] cannot be properly analyzed as its control pin my_datapath/Reg_1/num_out_reg[10]/G is not reached by a timing clock
Related violations: <none>

TIMING-20#3 Warning
Non-clocked latch  
The latch my_datapath/Reg_1/num_out_reg[11] cannot be properly analyzed as its control pin my_datapath/Reg_1/num_out_reg[11]/G is not reached by a timing clock
Related violations: <none>

TIMING-20#4 Warning
Non-clocked latch  
The latch my_datapath/Reg_1/num_out_reg[12] cannot be properly analyzed as its control pin my_datapath/Reg_1/num_out_reg[12]/G is not reached by a timing clock
Related violations: <none>

TIMING-20#5 Warning
Non-clocked latch  
The latch my_datapath/Reg_1/num_out_reg[13] cannot be properly analyzed as its control pin my_datapath/Reg_1/num_out_reg[13]/G is not reached by a timing clock
Related violations: <none>

TIMING-20#6 Warning
Non-clocked latch  
The latch my_datapath/Reg_1/num_out_reg[14] cannot be properly analyzed as its control pin my_datapath/Reg_1/num_out_reg[14]/G is not reached by a timing clock
Related violations: <none>

TIMING-20#7 Warning
Non-clocked latch  
The latch my_datapath/Reg_1/num_out_reg[15] cannot be properly analyzed as its control pin my_datapath/Reg_1/num_out_reg[15]/G is not reached by a timing clock
Related violations: <none>

TIMING-20#8 Warning
Non-clocked latch  
The latch my_datapath/Reg_1/num_out_reg[16] cannot be properly analyzed as its control pin my_datapath/Reg_1/num_out_reg[16]/G is not reached by a timing clock
Related violations: <none>

TIMING-20#9 Warning
Non-clocked latch  
The latch my_datapath/Reg_1/num_out_reg[17] cannot be properly analyzed as its control pin my_datapath/Reg_1/num_out_reg[17]/G is not reached by a timing clock
Related violations: <none>

TIMING-20#10 Warning
Non-clocked latch  
The latch my_datapath/Reg_1/num_out_reg[18] cannot be properly analyzed as its control pin my_datapath/Reg_1/num_out_reg[18]/G is not reached by a timing clock
Related violations: <none>

TIMING-20#11 Warning
Non-clocked latch  
The latch my_datapath/Reg_1/num_out_reg[19] cannot be properly analyzed as its control pin my_datapath/Reg_1/num_out_reg[19]/G is not reached by a timing clock
Related violations: <none>

TIMING-20#12 Warning
Non-clocked latch  
The latch my_datapath/Reg_1/num_out_reg[1] cannot be properly analyzed as its control pin my_datapath/Reg_1/num_out_reg[1]/G is not reached by a timing clock
Related violations: <none>

TIMING-20#13 Warning
Non-clocked latch  
The latch my_datapath/Reg_1/num_out_reg[20] cannot be properly analyzed as its control pin my_datapath/Reg_1/num_out_reg[20]/G is not reached by a timing clock
Related violations: <none>

TIMING-20#14 Warning
Non-clocked latch  
The latch my_datapath/Reg_1/num_out_reg[21] cannot be properly analyzed as its control pin my_datapath/Reg_1/num_out_reg[21]/G is not reached by a timing clock
Related violations: <none>

TIMING-20#15 Warning
Non-clocked latch  
The latch my_datapath/Reg_1/num_out_reg[22] cannot be properly analyzed as its control pin my_datapath/Reg_1/num_out_reg[22]/G is not reached by a timing clock
Related violations: <none>

TIMING-20#16 Warning
Non-clocked latch  
The latch my_datapath/Reg_1/num_out_reg[23] cannot be properly analyzed as its control pin my_datapath/Reg_1/num_out_reg[23]/G is not reached by a timing clock
Related violations: <none>

TIMING-20#17 Warning
Non-clocked latch  
The latch my_datapath/Reg_1/num_out_reg[24] cannot be properly analyzed as its control pin my_datapath/Reg_1/num_out_reg[24]/G is not reached by a timing clock
Related violations: <none>

TIMING-20#18 Warning
Non-clocked latch  
The latch my_datapath/Reg_1/num_out_reg[25] cannot be properly analyzed as its control pin my_datapath/Reg_1/num_out_reg[25]/G is not reached by a timing clock
Related violations: <none>

TIMING-20#19 Warning
Non-clocked latch  
The latch my_datapath/Reg_1/num_out_reg[26] cannot be properly analyzed as its control pin my_datapath/Reg_1/num_out_reg[26]/G is not reached by a timing clock
Related violations: <none>

TIMING-20#20 Warning
Non-clocked latch  
The latch my_datapath/Reg_1/num_out_reg[27] cannot be properly analyzed as its control pin my_datapath/Reg_1/num_out_reg[27]/G is not reached by a timing clock
Related violations: <none>

TIMING-20#21 Warning
Non-clocked latch  
The latch my_datapath/Reg_1/num_out_reg[28] cannot be properly analyzed as its control pin my_datapath/Reg_1/num_out_reg[28]/G is not reached by a timing clock
Related violations: <none>

TIMING-20#22 Warning
Non-clocked latch  
The latch my_datapath/Reg_1/num_out_reg[29] cannot be properly analyzed as its control pin my_datapath/Reg_1/num_out_reg[29]/G is not reached by a timing clock
Related violations: <none>

TIMING-20#23 Warning
Non-clocked latch  
The latch my_datapath/Reg_1/num_out_reg[2] cannot be properly analyzed as its control pin my_datapath/Reg_1/num_out_reg[2]/G is not reached by a timing clock
Related violations: <none>

TIMING-20#24 Warning
Non-clocked latch  
The latch my_datapath/Reg_1/num_out_reg[30] cannot be properly analyzed as its control pin my_datapath/Reg_1/num_out_reg[30]/G is not reached by a timing clock
Related violations: <none>

TIMING-20#25 Warning
Non-clocked latch  
The latch my_datapath/Reg_1/num_out_reg[31] cannot be properly analyzed as its control pin my_datapath/Reg_1/num_out_reg[31]/G is not reached by a timing clock
Related violations: <none>

TIMING-20#26 Warning
Non-clocked latch  
The latch my_datapath/Reg_1/num_out_reg[3] cannot be properly analyzed as its control pin my_datapath/Reg_1/num_out_reg[3]/G is not reached by a timing clock
Related violations: <none>

TIMING-20#27 Warning
Non-clocked latch  
The latch my_datapath/Reg_1/num_out_reg[4] cannot be properly analyzed as its control pin my_datapath/Reg_1/num_out_reg[4]/G is not reached by a timing clock
Related violations: <none>

TIMING-20#28 Warning
Non-clocked latch  
The latch my_datapath/Reg_1/num_out_reg[5] cannot be properly analyzed as its control pin my_datapath/Reg_1/num_out_reg[5]/G is not reached by a timing clock
Related violations: <none>

TIMING-20#29 Warning
Non-clocked latch  
The latch my_datapath/Reg_1/num_out_reg[6] cannot be properly analyzed as its control pin my_datapath/Reg_1/num_out_reg[6]/G is not reached by a timing clock
Related violations: <none>

TIMING-20#30 Warning
Non-clocked latch  
The latch my_datapath/Reg_1/num_out_reg[7] cannot be properly analyzed as its control pin my_datapath/Reg_1/num_out_reg[7]/G is not reached by a timing clock
Related violations: <none>

TIMING-20#31 Warning
Non-clocked latch  
The latch my_datapath/Reg_1/num_out_reg[8] cannot be properly analyzed as its control pin my_datapath/Reg_1/num_out_reg[8]/G is not reached by a timing clock
Related violations: <none>

TIMING-20#32 Warning
Non-clocked latch  
The latch my_datapath/Reg_1/num_out_reg[9] cannot be properly analyzed as its control pin my_datapath/Reg_1/num_out_reg[9]/G is not reached by a timing clock
Related violations: <none>

TIMING-20#33 Warning
Non-clocked latch  
The latch my_datapath/Reg_2/num_out_reg[0] cannot be properly analyzed as its control pin my_datapath/Reg_2/num_out_reg[0]/G is not reached by a timing clock
Related violations: <none>

TIMING-20#34 Warning
Non-clocked latch  
The latch my_datapath/Reg_2/num_out_reg[1] cannot be properly analyzed as its control pin my_datapath/Reg_2/num_out_reg[1]/G is not reached by a timing clock
Related violations: <none>

TIMING-20#35 Warning
Non-clocked latch  
The latch my_datapath/Reg_2/num_out_reg[2] cannot be properly analyzed as its control pin my_datapath/Reg_2/num_out_reg[2]/G is not reached by a timing clock
Related violations: <none>

TIMING-20#36 Warning
Non-clocked latch  
The latch my_datapath/Reg_2/num_out_reg[3] cannot be properly analyzed as its control pin my_datapath/Reg_2/num_out_reg[3]/G is not reached by a timing clock
Related violations: <none>

TIMING-20#37 Warning
Non-clocked latch  
The latch my_fsm/next_state_reg[0] cannot be properly analyzed as its control pin my_fsm/next_state_reg[0]/G is not reached by a timing clock
Related violations: <none>

TIMING-20#38 Warning
Non-clocked latch  
The latch my_fsm/next_state_reg[1] cannot be properly analyzed as its control pin my_fsm/next_state_reg[1]/G is not reached by a timing clock
Related violations: <none>


