Copyright 1986-2017 Xilinx, Inc. All Rights Reserved.
----------------------------------------------------------------------------------------------------------------------------------------------
| Tool Version     : Vivado v.2017.2 (win64) Build 1909853 Thu Jun 15 18:39:09 MDT 2017
| Date             : Fri Jun  8 14:20:12 2018
| Host             : DESKTOP-KM458MG running 64-bit major release  (build 9200)
| Command          : report_power -file lab4_cal_power_routed.rpt -pb lab4_cal_power_summary_routed.pb -rpx lab4_cal_power_routed.rpx
| Design           : lab4_cal
| Device           : xc7a100tcsg324-1
| Design State     : routed
| Grade            : commercial
| Process          : typical
| Characterization : Production
----------------------------------------------------------------------------------------------------------------------------------------------

Power Report

Table of Contents
-----------------
1. Summary
1.1 On-Chip Components
1.2 Power Supply Summary
1.3 Confidence Level
2. Settings
2.1 Environment
2.2 Clock Constraints
3. Detailed Reports
3.1 By Hierarchy

1. Summary
----------

+--------------------------+-------+
| Total On-Chip Power (W)  | 0.122 |
| Dynamic (W)              | 0.025 |
| Device Static (W)        | 0.097 |
| Effective TJA (C/W)      | 4.6   |
| Max Ambient (C)          | 84.4  |
| Junction Temperature (C) | 25.6  |
| Confidence Level         | Low   |
| Setting File             | ---   |
| Simulation Activity File | ---   |
| Design Nets Matched      | NA    |
+--------------------------+-------+


1.1 On-Chip Components
----------------------

+--------------------------+-----------+----------+-----------+-----------------+
| On-Chip                  | Power (W) | Used     | Available | Utilization (%) |
+--------------------------+-----------+----------+-----------+-----------------+
| Clocks                   |     0.001 |        3 |       --- |             --- |
| Slice Logic              |    <0.001 |      339 |       --- |             --- |
|   LUT as Logic           |    <0.001 |      108 |     63400 |            0.17 |
|   CARRY4                 |    <0.001 |       40 |     15850 |            0.25 |
|   BUFG                   |    <0.001 |        2 |        32 |            6.25 |
|   LUT as Distributed RAM |    <0.001 |       32 |     19000 |            0.17 |
|   Register               |    <0.001 |      109 |    126800 |            0.09 |
|   F7/F8 Muxes            |    <0.001 |        4 |     63400 |           <0.01 |
|   Others                 |     0.000 |       13 |       --- |             --- |
| Signals                  |    <0.001 |      353 |       --- |             --- |
| I/O                      |     0.022 |       19 |       210 |            9.05 |
| Static Power             |     0.097 |          |           |                 |
| Total                    |     0.122 |          |           |                 |
+--------------------------+-----------+----------+-----------+-----------------+


1.2 Power Supply Summary
------------------------

+-----------+-------------+-----------+-------------+------------+
| Source    | Voltage (V) | Total (A) | Dynamic (A) | Static (A) |
+-----------+-------------+-----------+-------------+------------+
| Vccint    |       1.000 |     0.018 |       0.003 |      0.015 |
| Vccaux    |       1.800 |     0.019 |       0.001 |      0.018 |
| Vcco33    |       3.300 |     0.010 |       0.006 |      0.004 |
| Vcco25    |       2.500 |     0.000 |       0.000 |      0.000 |
| Vcco18    |       1.800 |     0.000 |       0.000 |      0.000 |
| Vcco15    |       1.500 |     0.000 |       0.000 |      0.000 |
| Vcco135   |       1.350 |     0.000 |       0.000 |      0.000 |
| Vcco12    |       1.200 |     0.000 |       0.000 |      0.000 |
| Vccaux_io |       1.800 |     0.000 |       0.000 |      0.000 |
| Vccbram   |       1.000 |     0.000 |       0.000 |      0.000 |
| MGTAVcc   |       1.000 |     0.000 |       0.000 |      0.000 |
| MGTAVtt   |       1.200 |     0.000 |       0.000 |      0.000 |
| Vccadc    |       1.800 |     0.020 |       0.000 |      0.020 |
+-----------+-------------+-----------+-------------+------------+


1.3 Confidence Level
--------------------

+-----------------------------+------------+-------------------------------------------------------+--------------------------------------------------------------------------------------------------------------------+
| User Input Data             | Confidence | Details                                               | Action                                                                                                             |
+-----------------------------+------------+-------------------------------------------------------+--------------------------------------------------------------------------------------------------------------------+
| Design implementation state | High       | Design is routed                                      |                                                                                                                    |
| Clock nodes activity        | Low        | User specified less than 75% of clocks                | Provide missing clock activity with a constraint file, simulation results or by editing the "By Clock Domain" view |
| I/O nodes activity          | Medium     | More than 5% of inputs are missing user specification | Provide missing input activity with simulation results or by editing the "By Resource Type -> I/Os" view           |
| Internal nodes activity     | Medium     | User specified less than 25% of internal nodes        | Provide missing internal nodes activity with simulation results or by editing the "By Resource Type" views         |
| Device models               | High       | Device models are Production                          |                                                                                                                    |
|                             |            |                                                       |                                                                                                                    |
| Overall confidence level    | Low        |                                                       |                                                                                                                    |
+-----------------------------+------------+-------------------------------------------------------+--------------------------------------------------------------------------------------------------------------------+


2. Settings
-----------

2.1 Environment
---------------

+-----------------------+--------------------------+
| Ambient Temp (C)      | 25.0                     |
| ThetaJA (C/W)         | 4.6                      |
| Airflow (LFM)         | 250                      |
| Heat Sink             | medium (Medium Profile)  |
| ThetaSA (C/W)         | 4.6                      |
| Board Selection       | medium (10"x10")         |
| # of Board Layers     | 12to15 (12 to 15 Layers) |
| Board Temperature (C) | 25.0                     |
+-----------------------+--------------------------+


2.2 Clock Constraints
---------------------

+-------------+--------+-----------------+
| Clock       | Domain | Constraint (ns) |
+-------------+--------+-----------------+
| sys_clk_pin | clk    |            10.0 |
+-------------+--------+-----------------+


3. Detailed Reports
-------------------

3.1 By Hierarchy
----------------

+--------------------------+-----------+
| Name                     | Power (W) |
+--------------------------+-----------+
| lab4_cal                 |     0.025 |
|   clk_div                |     0.001 |
|   my_coun                |    <0.001 |
|   my_datapath            |    <0.001 |
|     Adder_1              |    <0.001 |
|     Mem                  |    <0.001 |
|       ram_reg_0_15_0_0   |    <0.001 |
|       ram_reg_0_15_10_10 |    <0.001 |
|       ram_reg_0_15_11_11 |    <0.001 |
|       ram_reg_0_15_12_12 |    <0.001 |
|       ram_reg_0_15_13_13 |    <0.001 |
|       ram_reg_0_15_14_14 |    <0.001 |
|       ram_reg_0_15_15_15 |    <0.001 |
|       ram_reg_0_15_16_16 |    <0.001 |
|       ram_reg_0_15_17_17 |    <0.001 |
|       ram_reg_0_15_18_18 |    <0.001 |
|       ram_reg_0_15_19_19 |    <0.001 |
|       ram_reg_0_15_1_1   |    <0.001 |
|       ram_reg_0_15_20_20 |    <0.001 |
|       ram_reg_0_15_21_21 |    <0.001 |
|       ram_reg_0_15_22_22 |    <0.001 |
|       ram_reg_0_15_23_23 |    <0.001 |
|       ram_reg_0_15_24_24 |    <0.001 |
|       ram_reg_0_15_25_25 |    <0.001 |
|       ram_reg_0_15_26_26 |    <0.001 |
|       ram_reg_0_15_27_27 |    <0.001 |
|       ram_reg_0_15_28_28 |    <0.001 |
|       ram_reg_0_15_29_29 |    <0.001 |
|       ram_reg_0_15_2_2   |    <0.001 |
|       ram_reg_0_15_30_30 |    <0.001 |
|       ram_reg_0_15_31_31 |    <0.001 |
|       ram_reg_0_15_3_3   |    <0.001 |
|       ram_reg_0_15_4_4   |    <0.001 |
|       ram_reg_0_15_5_5   |    <0.001 |
|       ram_reg_0_15_6_6   |    <0.001 |
|       ram_reg_0_15_7_7   |    <0.001 |
|       ram_reg_0_15_8_8   |    <0.001 |
|       ram_reg_0_15_9_9   |    <0.001 |
|     Reg_1                |    <0.001 |
|     Reg_2                |    <0.001 |
|   my_fsm                 |    <0.001 |
+--------------------------+-----------+


