Exception at PC 0x00007FFBB7DF1A52
Attemped to write at address 0x00007FFBE6B9ABA4
Printing stacktrace...

[0]  [0x00007FFBB7DF1A52]
[1]  [0x00007FFBB7DF1A52]
[2]  [0x00007FFBB7DF1AD4]
[3]  [0x00007FFBB7F33FF7]
[4]  [0x00007FFBB7E19128]
[5]  [0x00007FFBB80CDFB9]
[6]  [0x00007FFBB829EF23]
[7]  [0x00007FFBB81AB06B]
[8]  [0x00007FFBB81A08AF]
[9]  [0x00007FFBB81A0A32]
[10] (RtlActivateActivationContextUnsafeFast+0x123) [0x00007FFC145AB583]
[11] (LdrShutdownProcess+0x125) [0x00007FFC145B7F85]
[12] (RtlExitUserProcess+0xd8) [0x00007FFC145B7E48]
[13] (FatalExit+0xa) [0x00007FFC11A2C80A]
[14] (exit+0x75) [0x00007FFC12BF9CE5]
[15] (initterm_e+0x235) [0x00007FFC12BFA345]
[16]  [0x00000000004014CD]
[17]  [0x000000000040151B]
[18] (BaseThreadInitThunk+0x14) [0x00007FFC11A23DC4]
[19] (RtlUserThreadStart+0x21) [0x00007FFC145E3691]
Done
