Exception at PC 0x00007FFD4DB51A52
Attemped to write at address 0x00007FFD8BC9ABA4
Printing stacktrace...

[0]  [0x00007FFD4DB51A52]
[1]  [0x00007FFD4DB51A52]
[2]  [0x00007FFD4DB51AD4]
[3]  [0x00007FFD4DC93FF7]
[4]  [0x00007FFD4DB79128]
[5]  [0x00007FFD4DE2DFB9]
[6]  [0x00007FFD4DFFEF23]
[7]  [0x00007FFD4DF0B06B]
[8]  [0x00007FFD4DF008AF]
[9]  [0x00007FFD4DF00A32]
[10] (RtlActivateActivationContextUnsafeFast+0x123) [0x00007FFDB4924053]
[11] (LdrShutdownProcess+0x125) [0x00007FFDB4930A05]
[12] (RtlExitUserProcess+0xd8) [0x00007FFDB49308C8]
[13] (FatalExit+0xa) [0x00007FFDB284B19A]
[14] (exit+0x75) [0x00007FFDB4839CE5]
[15] (initterm_e+0x235) [0x00007FFDB483A345]
[16]  [0x00000000004014CD]
[17]  [0x000000000040151B]
[18] (BaseThreadInitThunk+0x14) [0x00007FFDB2843034]
[19] (RtlUserThreadStart+0x21) [0x00007FFDB4961461]
Done
