INFO: [VRFC 10-2263] Analyzing Verilog file "C:/VerilogLab/cpu_2_18/cpu_2_18.srcs/sources_1/imports/from_others/ALU.v" into library xil_defaultlib
INFO: [VRFC 10-311] analyzing module ALU
WARNING: [VRFC 10-526] concatenation with unsized literal; will interpret as 32 bits [C:/VerilogLab/cpu_2_18/cpu_2_18.srcs/sources_1/imports/from_others/ALU.v:91]
INFO: [VRFC 10-2263] Analyzing Verilog file "C:/VerilogLab/cpu_2_18/cpu_2_18.srcs/sources_1/imports/from_others/Ctrl_1.v" into library xil_defaultlib
INFO: [VRFC 10-311] analyzing module Ctrl
INFO: [VRFC 10-311] analyzing module Ctrl4
INFO: [VRFC 10-2263] Analyzing Verilog file "C:/VerilogLab/cpu_2_18/cpu_2_18.srcs/sources_1/imports/from_others/MUX4_32.v" into library xil_defaultlib
INFO: [VRFC 10-311] analyzing module MUX4_32
INFO: [VRFC 10-2263] Analyzing Verilog file "C:/VerilogLab/cpu_2_18/cpu_2_18.srcs/sources_1/new/PCreg.v" into library xil_defaultlib
INFO: [VRFC 10-311] analyzing module PCreg
INFO: [VRFC 10-2263] Analyzing Verilog file "C:/VerilogLab/cpu_2_18/cpu_2_18.srcs/sources_1/new/RAM.v" into library xil_defaultlib
INFO: [VRFC 10-311] analyzing module RAM
INFO: [VRFC 10-2263] Analyzing Verilog file "C:/VerilogLab/cpu_2_18/cpu_2_18.srcs/sources_1/imports/from_others/ROM.v" into library xil_defaultlib
INFO: [VRFC 10-311] analyzing module ROM
INFO: [VRFC 10-2263] Analyzing Verilog file "C:/VerilogLab/cpu_2_18/cpu_2_18.srcs/sources_1/imports/from_others/counter.v" into library xil_defaultlib
INFO: [VRFC 10-311] analyzing module counter
INFO: [VRFC 10-2263] Analyzing Verilog file "C:/VerilogLab/cpu_2_18/cpu_2_18.srcs/sources_1/new/datapath.v" into library xil_defaultlib
INFO: [VRFC 10-311] analyzing module datapath
INFO: [VRFC 10-2263] Analyzing Verilog file "C:/VerilogLab/cpu_2_18/cpu_2_18.srcs/sources_1/new/extend.v" into library xil_defaultlib
INFO: [VRFC 10-311] analyzing module sign_extend
INFO: [VRFC 10-311] analyzing module unsign_extend
INFO: [VRFC 10-2263] Analyzing Verilog file "C:/VerilogLab/cpu_2_18/cpu_2_18.srcs/sources_1/imports/from_others/regfile.v" into library xil_defaultlib
INFO: [VRFC 10-311] analyzing module REGFILE
INFO: [VRFC 10-2263] Analyzing Verilog file "C:/VerilogLab/cpu_2_18/cpu_2_18.srcs/sim_1/new/datapath_sim.v" into library xil_defaultlib
INFO: [VRFC 10-311] analyzing module datapath_sim
INFO: [VRFC 10-2263] Analyzing Verilog file "C:/VerilogLab/cpu_2_18/cpu_2_18.sim/sim_1/behav/glbl.v" into library xil_defaultlib
INFO: [VRFC 10-311] analyzing module glbl
