Vivado Simulator 2017.2
Copyright 1986-1999, 2001-2016 Xilinx, Inc. All Rights Reserved.
Running: E:/WIN/program/vivado2017.2/Vivado/2017.2/bin/unwrapped/win64.o/xelab.exe -wto b40f79190e2841328a242ccb88f27f69 --debug typical --relax --mt 2 --maxdelay -L xil_defaultlib -L simprims_ver -L secureip --snapshot washing_machine_sim_time_synth -transport_int_delays -pulse_r 0 -pulse_int_r 0 -pulse_e 0 -pulse_int_e 0 xil_defaultlib.washing_machine_sim xil_defaultlib.glbl -log elaborate.log 
Using 2 slave threads.
Starting static elaboration
Completed static elaboration
Starting simulation data flow analysis
WARNING: [XSIM 43-4100] "C:/VerilogLab/lab_fin_check/lab_fin_check.sim/sim_1/synth/timing/washing_machine_sim_time_synth.v" Line 16. Module FSM has a timescale but at least one module in design doesn't have timescale.
WARNING: [XSIM 43-4100] "/wrk/2017.2/nightly/2017_06_15_1909853/data/verilog/src/unisims/LUT6.v" Line 30. Module LUT6 has a timescale but at least one module in design doesn't have timescale.
WARNING: [XSIM 43-4100] "/wrk/2017.2/nightly/2017_06_15_1909853/data/verilog/src/unisims/LUT6.v" Line 30. Module LUT6 has a timescale but at least one module in design doesn't have timescale.
WARNING: [XSIM 43-4100] "/wrk/2017.2/nightly/2017_06_15_1909853/data/verilog/src/unisims/LUT4.v" Line 30. Module LUT4 has a timescale but at least one module in design doesn't have timescale.
WARNING: [XSIM 43-4100] "/wrk/2017.2/nightly/2017_06_15_1909853/data/verilog/src/unisims/LUT6.v" Line 30. Module LUT6 has a timescale but at least one module in design doesn't have timescale.
WARNING: [XSIM 43-4100] "/wrk/2017.2/nightly/2017_06_15_1909853/data/verilog/src/unisims/LUT5.v" Line 30. Module LUT5 has a timescale but at least one module in design doesn't have timescale.
WARNING: [XSIM 43-4100] "/wrk/2017.2/nightly/2017_06_15_1909853/data/verilog/src/unisims/LUT3.v" Line 28. Module LUT3 has a timescale but at least one module in design doesn't have timescale.
WARNING: [XSIM 43-4100] "/wrk/2017.2/nightly/2017_06_15_1909853/data/verilog/src/unisims/LUT3.v" Line 67. Module x_lut3_mux8 has a timescale but at least one module in design doesn't have timescale.
WARNING: [XSIM 43-4100] "/wrk/2017.2/nightly/2017_06_15_1909853/data/verilog/src/unisims/LUT2.v" Line 28. Module LUT2 has a timescale but at least one module in design doesn't have timescale.
WARNING: [XSIM 43-4100] "/wrk/2017.2/nightly/2017_06_15_1909853/data/verilog/src/unisims/LUT2.v" Line 65. Module x_lut2_mux4 has a timescale but at least one module in design doesn't have timescale.
WARNING: [XSIM 43-4100] "/wrk/2017.2/nightly/2017_06_15_1909853/data/verilog/src/unisims/LUT2.v" Line 28. Module LUT2 has a timescale but at least one module in design doesn't have timescale.
WARNING: [XSIM 43-4100] "/wrk/2017.2/nightly/2017_06_15_1909853/data/verilog/src/unisims/LUT2.v" Line 65. Module x_lut2_mux4 has a timescale but at least one module in design doesn't have timescale.
WARNING: [XSIM 43-4100] "/wrk/2017.2/nightly/2017_06_15_1909853/data/verilog/src/unisims/LUT2.v" Line 28. Module LUT2 has a timescale but at least one module in design doesn't have timescale.
WARNING: [XSIM 43-4100] "/wrk/2017.2/nightly/2017_06_15_1909853/data/verilog/src/unisims/LUT2.v" Line 65. Module x_lut2_mux4 has a timescale but at least one module in design doesn't have timescale.
WARNING: [XSIM 43-4100] "/wrk/2017.2/nightly/2017_06_15_1909853/data/verilog/src/unisims/LUT3.v" Line 28. Module LUT3 has a timescale but at least one module in design doesn't have timescale.
WARNING: [XSIM 43-4100] "/wrk/2017.2/nightly/2017_06_15_1909853/data/verilog/src/unisims/LUT3.v" Line 67. Module x_lut3_mux8 has a timescale but at least one module in design doesn't have timescale.
WARNING: [XSIM 43-4100] "/wrk/2017.2/nightly/2017_06_15_1909853/data/verilog/src/unisims/LUT6.v" Line 30. Module LUT6 has a timescale but at least one module in design doesn't have timescale.
WARNING: [XSIM 43-4100] "/wrk/2017.2/nightly/2017_06_15_1909853/data/verilog/src/unisims/LUT3.v" Line 28. Module LUT3 has a timescale but at least one module in design doesn't have timescale.
WARNING: [XSIM 43-4100] "/wrk/2017.2/nightly/2017_06_15_1909853/data/verilog/src/unisims/LUT3.v" Line 67. Module x_lut3_mux8 has a timescale but at least one module in design doesn't have timescale.
WARNING: [XSIM 43-4100] "/wrk/2017.2/nightly/2017_06_15_1909853/data/verilog/src/unisims/LUT5.v" Line 30. Module LUT5 has a timescale but at least one module in design doesn't have timescale.
WARNING: [XSIM 43-4100] "/wrk/2017.2/nightly/2017_06_15_1909853/data/verilog/src/unisims/FDSE.v" Line 27. Module FDSE_default has a timescale but at least one module in design doesn't have timescale.
WARNING: [XSIM 43-4100] "/wrk/2017.2/nightly/2017_06_15_1909853/data/verilog/src/unisims/FDRE.v" Line 27. Module FDRE_default has a timescale but at least one module in design doesn't have timescale.
WARNING: [XSIM 43-4100] "/wrk/2017.2/nightly/2017_06_15_1909853/data/verilog/src/unisims/FDRE.v" Line 27. Module FDRE_default has a timescale but at least one module in design doesn't have timescale.
WARNING: [XSIM 43-4100] "/wrk/2017.2/nightly/2017_06_15_1909853/data/verilog/src/unisims/FDRE.v" Line 27. Module FDRE_default has a timescale but at least one module in design doesn't have timescale.
WARNING: [XSIM 43-4100] "/wrk/2017.2/nightly/2017_06_15_1909853/data/verilog/src/unisims/FDRE.v" Line 27. Module FDRE_default has a timescale but at least one module in design doesn't have timescale.
WARNING: [XSIM 43-4100] "/wrk/2017.2/nightly/2017_06_15_1909853/data/verilog/src/unisims/FDRE.v" Line 27. Module FDRE_default has a timescale but at least one module in design doesn't have timescale.
WARNING: [XSIM 43-4100] "/wrk/2017.2/nightly/2017_06_15_1909853/data/verilog/src/unisims/FDRE.v" Line 27. Module FDRE_default has a timescale but at least one module in design doesn't have timescale.
WARNING: [XSIM 43-4100] "/wrk/2017.2/nightly/2017_06_15_1909853/data/verilog/src/unisims/FDRE.v" Line 27. Module FDRE_default has a timescale but at least one module in design doesn't have timescale.
WARNING: [XSIM 43-4100] "/wrk/2017.2/nightly/2017_06_15_1909853/data/verilog/src/unisims/FDRE.v" Line 27. Module FDRE_default has a timescale but at least one module in design doesn't have timescale.
WARNING: [XSIM 43-4100] "/wrk/2017.2/nightly/2017_06_15_1909853/data/verilog/src/unisims/FDRE.v" Line 27. Module FDRE_default has a timescale but at least one module in design doesn't have timescale.
WARNING: [XSIM 43-4100] "/wrk/2017.2/nightly/2017_06_15_1909853/data/verilog/src/unisims/FDRE.v" Line 27. Module FDRE_default has a timescale but at least one module in design doesn't have timescale.
WARNING: [XSIM 43-4100] "/wrk/2017.2/nightly/2017_06_15_1909853/data/verilog/src/unisims/BUFG.v" Line 27. Module BUFG has a timescale but at least one module in design doesn't have timescale.
WARNING: [XSIM 43-4100] "/wrk/2017.2/nightly/2017_06_15_1909853/data/verilog/src/unisims/IBUF.v" Line 29. Module IBUF has a timescale but at least one module in design doesn't have timescale.
WARNING: [XSIM 43-4100] "/wrk/2017.2/nightly/2017_06_15_1909853/data/verilog/src/unisims/BUFG.v" Line 27. Module BUFG has a timescale but at least one module in design doesn't have timescale.
WARNING: [XSIM 43-4100] "/wrk/2017.2/nightly/2017_06_15_1909853/data/verilog/src/unisims/IBUF.v" Line 29. Module IBUF has a timescale but at least one module in design doesn't have timescale.
WARNING: [XSIM 43-4100] "/wrk/2017.2/nightly/2017_06_15_1909853/data/verilog/src/unisims/OBUF.v" Line 25. Module OBUF has a timescale but at least one module in design doesn't have timescale.
WARNING: [XSIM 43-4100] "/wrk/2017.2/nightly/2017_06_15_1909853/data/verilog/src/unisims/OBUF.v" Line 25. Module OBUF has a timescale but at least one module in design doesn't have timescale.
WARNING: [XSIM 43-4100] "/wrk/2017.2/nightly/2017_06_15_1909853/data/verilog/src/unisims/OBUF.v" Line 25. Module OBUF has a timescale but at least one module in design doesn't have timescale.
WARNING: [XSIM 43-4100] "/wrk/2017.2/nightly/2017_06_15_1909853/data/verilog/src/unisims/OBUF.v" Line 25. Module OBUF has a timescale but at least one module in design doesn't have timescale.
WARNING: [XSIM 43-4100] "/wrk/2017.2/nightly/2017_06_15_1909853/data/verilog/src/unisims/OBUF.v" Line 25. Module OBUF has a timescale but at least one module in design doesn't have timescale.
WARNING: [XSIM 43-4100] "/wrk/2017.2/nightly/2017_06_15_1909853/data/verilog/src/unisims/OBUF.v" Line 25. Module OBUF has a timescale but at least one module in design doesn't have timescale.
WARNING: [XSIM 43-4100] "/wrk/2017.2/nightly/2017_06_15_1909853/data/verilog/src/unisims/OBUF.v" Line 25. Module OBUF has a timescale but at least one module in design doesn't have timescale.
WARNING: [XSIM 43-4100] "/wrk/2017.2/nightly/2017_06_15_1909853/data/verilog/src/unisims/OBUF.v" Line 25. Module OBUF has a timescale but at least one module in design doesn't have timescale.
WARNING: [XSIM 43-4100] "/wrk/2017.2/nightly/2017_06_15_1909853/data/verilog/src/unisims/OBUF.v" Line 25. Module OBUF has a timescale but at least one module in design doesn't have timescale.
WARNING: [XSIM 43-4100] "/wrk/2017.2/nightly/2017_06_15_1909853/data/verilog/src/unisims/OBUF.v" Line 25. Module OBUF has a timescale but at least one module in design doesn't have timescale.
WARNING: [XSIM 43-4100] "/wrk/2017.2/nightly/2017_06_15_1909853/data/verilog/src/unisims/OBUF.v" Line 25. Module OBUF has a timescale but at least one module in design doesn't have timescale.
WARNING: [XSIM 43-4100] "/wrk/2017.2/nightly/2017_06_15_1909853/data/verilog/src/unisims/OBUF.v" Line 25. Module OBUF has a timescale but at least one module in design doesn't have timescale.
WARNING: [XSIM 43-4100] "/wrk/2017.2/nightly/2017_06_15_1909853/data/verilog/src/unisims/OBUF.v" Line 25. Module OBUF has a timescale but at least one module in design doesn't have timescale.
WARNING: [XSIM 43-4100] "/wrk/2017.2/nightly/2017_06_15_1909853/data/verilog/src/unisims/OBUF.v" Line 25. Module OBUF has a timescale but at least one module in design doesn't have timescale.
WARNING: [XSIM 43-4100] "/wrk/2017.2/nightly/2017_06_15_1909853/data/verilog/src/unisims/OBUF.v" Line 25. Module OBUF has a timescale but at least one module in design doesn't have timescale.
INFO: [Common 17-14] Message 'XSIM 43-4100' appears 50 times and further instances of the messages will be disabled. Use the Tcl command set_msg_config to change the current settings.
Completed simulation data flow analysis
INFO: [XSIM 43-3451] SDF backannotation process started with SDF file "washing_machine_sim_time_synth.sdf", for root module "washing_machine_sim/my_machine_fsm".
INFO: [XSIM 43-3452] SDF backannotation was successful for SDF file "washing_machine_sim_time_synth.sdf", for root module "washing_machine_sim/my_machine_fsm".
Time Resolution for simulation is 1ps
Compiling module simprims_ver.LUT6
Compiling module simprims_ver.LUT4
Compiling module simprims_ver.LUT5
Compiling module simprims_ver.x_lut3_mux8
Compiling module simprims_ver.LUT3
Compiling module simprims_ver.x_lut2_mux4
Compiling module simprims_ver.LUT2
Compiling module simprims_ver.FDSE_default
Compiling module simprims_ver.FDRE_default
Compiling module simprims_ver.BUFG
Compiling module simprims_ver.IBUF
Compiling module simprims_ver.OBUF
Compiling module simprims_ver.OBUFT
Compiling module simprims_ver.x_lut1_mux2
Compiling module simprims_ver.LUT1
Compiling module xil_defaultlib.bin_to_BCD
Compiling module xil_defaultlib.bin_to_BCD_0
Compiling module simprims_ver.latchsre_ldce
Compiling module simprims_ver.LDCE
Compiling module xil_defaultlib.ssdisp
Compiling module simprims_ver.MUXF7
Compiling module simprims_ver.CARRY4
Compiling module xil_defaultlib.timer
Compiling module xil_defaultlib.FSM
Compiling module xil_defaultlib.sum_rom
Compiling module xil_defaultlib.counter
Compiling module xil_defaultlib.decoder3_8
Compiling module xil_defaultlib.sevenseg_decoder
Compiling module xil_defaultlib.washing_machine_sim
Compiling module xil_defaultlib.glbl
Built simulation snapshot washing_machine_sim_time_synth
