Exception at PC 0x00007FFF79CB1A52
Attemped to write at address 0x00007FFFA723ABA4
Printing stacktrace...

[0]  [0x00007FFF79CB1A52]
[1]  [0x00007FFF79CB1A52]
[2]  [0x00007FFF79CB1AD4]
[3]  [0x00007FFF79DF3FF7]
[4]  [0x00007FFF79CD9128]
[5]  [0x00007FFF79F8DFB9]
[6]  [0x00007FFF7A15EF23]
[7]  [0x00007FFF7A06B06B]
[8]  [0x00007FFF7A0608AF]
[9]  [0x00007FFF7A060A32]
[10] (RtlActivateActivationContextUnsafeFast+0x123) [0x00007FFFD766B583]
[11] (LdrShutdownProcess+0x125) [0x00007FFFD7677F85]
[12] (RtlExitUserProcess+0xd8) [0x00007FFFD7677E48]
[13] (FatalExit+0xa) [0x00007FFFD5B7C80A]
[14] (exit+0x75) [0x00007FFFD50B9CE5]
[15] (initterm_e+0x235) [0x00007FFFD50BA345]
[16]  [0x00000000004014CD]
[17]  [0x000000000040151B]
[18] (BaseThreadInitThunk+0x14) [0x00007FFFD5B73DC4]
[19] (RtlUserThreadStart+0x21) [0x00007FFFD76A3691]
Done
