
*** Running vivado
    with args -log combine_logic_top.vds -m64 -mode batch -messageDb vivado.pb -notrace -source combine_logic_top.tcl


****** Vivado v2015.2 (64-bit)
  **** SW Build 1266856 on Fri Jun 26 16:35:25 MDT 2015
  **** IP Build 1264090 on Wed Jun 24 14:22:01 MDT 2015
    ** Copyright 1986-2015 Xilinx, Inc. All Rights Reserved.

source combine_logic_top.tcl -notrace
Command: synth_design -top combine_logic_top -part xc7a100tcsg324-1
Starting synth_design
Attempting to get a license for feature 'Synthesis' and/or device 'xc7a100t'
INFO: [Common 17-349] Got license for feature 'Synthesis' and/or device 'xc7a100t'
---------------------------------------------------------------------------------
Starting RTL Elaboration : Time (s): cpu = 00:00:04 ; elapsed = 00:00:05 . Memory (MB): peak = 268.809 ; gain = 54.375
---------------------------------------------------------------------------------
INFO: [Synth 8-638] synthesizing module 'combine_logic_top' [C:/Temp/lab02_combine_logic_v1/lab02_combine_logic.srcs/sources_1/new/combine_logic_top.v:23]
INFO: [Synth 8-638] synthesizing module 'display_decoder' [C:/Temp/lab02_combine_logic_v1/lab02_combine_logic.srcs/sources_1/new/display_decoder.v:23]
INFO: [Synth 8-256] done synthesizing module 'display_decoder' (1#1) [C:/Temp/lab02_combine_logic_v1/lab02_combine_logic.srcs/sources_1/new/display_decoder.v:23]
INFO: [Synth 8-638] synthesizing module 'sevenseg_dec' [C:/Temp/lab02_combine_logic_v1/lab02_combine_logic.srcs/sources_1/new/sevenseg_dec.v:23]
INFO: [Synth 8-226] default block is never used [C:/Temp/lab02_combine_logic_v1/lab02_combine_logic.srcs/sources_1/new/sevenseg_dec.v:29]
INFO: [Synth 8-256] done synthesizing module 'sevenseg_dec' (2#1) [C:/Temp/lab02_combine_logic_v1/lab02_combine_logic.srcs/sources_1/new/sevenseg_dec.v:23]
INFO: [Synth 8-638] synthesizing module 'digital_dec' [C:/Temp/lab02_combine_logic_v1/lab02_combine_logic.srcs/sources_1/new/digital_dec.v:23]
INFO: [Synth 8-256] done synthesizing module 'digital_dec' (3#1) [C:/Temp/lab02_combine_logic_v1/lab02_combine_logic.srcs/sources_1/new/digital_dec.v:23]
INFO: [Synth 8-256] done synthesizing module 'combine_logic_top' (4#1) [C:/Temp/lab02_combine_logic_v1/lab02_combine_logic.srcs/sources_1/new/combine_logic_top.v:23]
---------------------------------------------------------------------------------
Finished RTL Elaboration : Time (s): cpu = 00:00:05 ; elapsed = 00:00:06 . Memory (MB): peak = 302.918 ; gain = 88.484
---------------------------------------------------------------------------------

Report Check Netlist: 
+------+------------------+-------+---------+-------+------------------+
|      |Item              |Errors |Warnings |Status |Description       |
+------+------------------+-------+---------+-------+------------------+
|1     |multi_driven_nets |      0|        0|Passed |Multi driven nets |
+------+------------------+-------+---------+-------+------------------+
---------------------------------------------------------------------------------
Finished RTL Optimization Phase 1 : Time (s): cpu = 00:00:05 ; elapsed = 00:00:06 . Memory (MB): peak = 302.918 ; gain = 88.484
---------------------------------------------------------------------------------
INFO: [Device 21-403] Loading part xc7a100tcsg324-1
INFO: [Project 1-570] Preparing netlist for logic optimization

Processing XDC Constraints
Initializing timing engine
Parsing XDC File [C:/Temp/lab02_combine_logic_v1/lab02_combine_logic.srcs/constrs_1/new/combine_logic.xdc]
Finished Parsing XDC File [C:/Temp/lab02_combine_logic_v1/lab02_combine_logic.srcs/constrs_1/new/combine_logic.xdc]
Completed Processing XDC Constraints

INFO: [Project 1-111] Unisim Transformation Summary:
No Unisim elements were transformed.

Constraint Validation Runtime : Time (s): cpu = 00:00:00 ; elapsed = 00:00:00.006 . Memory (MB): peak = 573.242 ; gain = 0.000
---------------------------------------------------------------------------------
Finished Constraint Validation : Time (s): cpu = 00:00:11 ; elapsed = 00:00:13 . Memory (MB): peak = 573.242 ; gain = 358.809
---------------------------------------------------------------------------------
---------------------------------------------------------------------------------
Start Loading Part and Timing Information
---------------------------------------------------------------------------------
Loading part: xc7a100tcsg324-1
---------------------------------------------------------------------------------
Finished Loading Part and Timing Information : Time (s): cpu = 00:00:11 ; elapsed = 00:00:13 . Memory (MB): peak = 573.242 ; gain = 358.809
---------------------------------------------------------------------------------
---------------------------------------------------------------------------------
Start Applying 'set_property' XDC Constraints
---------------------------------------------------------------------------------
incorrect argument "-dict" for "set_property" at line 13 of file C:/Temp/lab02_combine_logic_v1/lab02_combine_logic.srcs/constrs_1/new/combine_logic.xdc
incorrect set of required parameters for "set_property" at line 13 of file C:/Temp/lab02_combine_logic_v1/lab02_combine_logic.srcs/constrs_1/new/combine_logic.xdc
---------------------------------------------------------------------
Usage:
  set_property
    [-help]
    [-quiet]
    attribute
    value
    object
    [{>|>>} <stdoutFile>]
---------------------------------------------------------------------
incorrect argument "-dict" for "set_property" at line 14 of file C:/Temp/lab02_combine_logic_v1/lab02_combine_logic.srcs/constrs_1/new/combine_logic.xdc
incorrect set of required parameters for "set_property" at line 14 of file C:/Temp/lab02_combine_logic_v1/lab02_combine_logic.srcs/constrs_1/new/combine_logic.xdc
---------------------------------------------------------------------
Usage:
  set_property
    [-help]
    [-quiet]
    attribute
    value
    object
    [{>|>>} <stdoutFile>]
---------------------------------------------------------------------
incorrect argument "-dict" for "set_property" at line 15 of file C:/Temp/lab02_combine_logic_v1/lab02_combine_logic.srcs/constrs_1/new/combine_logic.xdc
incorrect set of required parameters for "set_property" at line 15 of file C:/Temp/lab02_combine_logic_v1/lab02_combine_logic.srcs/constrs_1/new/combine_logic.xdc
---------------------------------------------------------------------
Usage:
  set_property
    [-help]
    [-quiet]
    attribute
    value
    object
    [{>|>>} <stdoutFile>]
---------------------------------------------------------------------
incorrect argument "-dict" for "set_property" at line 16 of file C:/Temp/lab02_combine_logic_v1/lab02_combine_logic.srcs/constrs_1/new/combine_logic.xdc
incorrect set of required parameters for "set_property" at line 16 of file C:/Temp/lab02_combine_logic_v1/lab02_combine_logic.srcs/constrs_1/new/combine_logic.xdc
---------------------------------------------------------------------
Usage:
  set_property
    [-help]
    [-quiet]
    attribute
    value
    object
    [{>|>>} <stdoutFile>]
---------------------------------------------------------------------
incorrect argument "-dict" for "set_property" at line 17 of file C:/Temp/lab02_combine_logic_v1/lab02_combine_logic.srcs/constrs_1/new/combine_logic.xdc
incorrect set of required parameters for "set_property" at line 17 of file C:/Temp/lab02_combine_logic_v1/lab02_combine_logic.srcs/constrs_1/new/combine_logic.xdc
---------------------------------------------------------------------
Usage:
  set_property
    [-help]
    [-quiet]
    attribute
    value
    object
    [{>|>>} <stdoutFile>]
---------------------------------------------------------------------
incorrect argument "-dict" for "set_property" at line 18 of file C:/Temp/lab02_combine_logic_v1/lab02_combine_logic.srcs/constrs_1/new/combine_logic.xdc
incorrect set of required parameters for "set_property" at line 18 of file C:/Temp/lab02_combine_logic_v1/lab02_combine_logic.srcs/constrs_1/new/combine_logic.xdc
---------------------------------------------------------------------
Usage:
  set_property
    [-help]
    [-quiet]
    attribute
    value
    object
    [{>|>>} <stdoutFile>]
---------------------------------------------------------------------
incorrect argument "-dict" for "set_property" at line 19 of file C:/Temp/lab02_combine_logic_v1/lab02_combine_logic.srcs/constrs_1/new/combine_logic.xdc
incorrect set of required parameters for "set_property" at line 19 of file C:/Temp/lab02_combine_logic_v1/lab02_combine_logic.srcs/constrs_1/new/combine_logic.xdc
---------------------------------------------------------------------
Usage:
  set_property
    [-help]
    [-quiet]
    attribute
    value
    object
    [{>|>>} <stdoutFile>]
---------------------------------------------------------------------
incorrect argument "-dict" for "set_property" at line 20 of file C:/Temp/lab02_combine_logic_v1/lab02_combine_logic.srcs/constrs_1/new/combine_logic.xdc
incorrect set of required parameters for "set_property" at line 20 of file C:/Temp/lab02_combine_logic_v1/lab02_combine_logic.srcs/constrs_1/new/combine_logic.xdc
---------------------------------------------------------------------
Usage:
  set_property
    [-help]
    [-quiet]
    attribute
    value
    object
    [{>|>>} <stdoutFile>]
---------------------------------------------------------------------
incorrect argument "-dict" for "set_property" at line 21 of file C:/Temp/lab02_combine_logic_v1/lab02_combine_logic.srcs/constrs_1/new/combine_logic.xdc
incorrect set of required parameters for "set_property" at line 21 of file C:/Temp/lab02_combine_logic_v1/lab02_combine_logic.srcs/constrs_1/new/combine_logic.xdc
---------------------------------------------------------------------
Usage:
  set_property
    [-help]
    [-quiet]
    attribute
    value
    object
    [{>|>>} <stdoutFile>]
---------------------------------------------------------------------
incorrect argument "-dict" for "set_property" at line 22 of file C:/Temp/lab02_combine_logic_v1/lab02_combine_logic.srcs/constrs_1/new/combine_logic.xdc
incorrect set of required parameters for "set_property" at line 22 of file C:/Temp/lab02_combine_logic_v1/lab02_combine_logic.srcs/constrs_1/new/combine_logic.xdc
---------------------------------------------------------------------
Usage:
  set_property
    [-help]
    [-quiet]
    attribute
    value
    object
    [{>|>>} <stdoutFile>]
---------------------------------------------------------------------
incorrect argument "-dict" for "set_property" at line 23 of file C:/Temp/lab02_combine_logic_v1/lab02_combine_logic.srcs/constrs_1/new/combine_logic.xdc
incorrect set of required parameters for "set_property" at line 23 of file C:/Temp/lab02_combine_logic_v1/lab02_combine_logic.srcs/constrs_1/new/combine_logic.xdc
---------------------------------------------------------------------
Usage:
  set_property
    [-help]
    [-quiet]
    attribute
    value
    object
    [{>|>>} <stdoutFile>]
---------------------------------------------------------------------
incorrect argument "-dict" for "set_property" at line 25 of file C:/Temp/lab02_combine_logic_v1/lab02_combine_logic.srcs/constrs_1/new/combine_logic.xdc
incorrect set of required parameters for "set_property" at line 25 of file C:/Temp/lab02_combine_logic_v1/lab02_combine_logic.srcs/constrs_1/new/combine_logic.xdc
---------------------------------------------------------------------
Usage:
  set_property
    [-help]
    [-quiet]
    attribute
    value
    object
    [{>|>>} <stdoutFile>]
---------------------------------------------------------------------
incorrect argument "-dict" for "set_property" at line 26 of file C:/Temp/lab02_combine_logic_v1/lab02_combine_logic.srcs/constrs_1/new/combine_logic.xdc
incorrect set of required parameters for "set_property" at line 26 of file C:/Temp/lab02_combine_logic_v1/lab02_combine_logic.srcs/constrs_1/new/combine_logic.xdc
---------------------------------------------------------------------
Usage:
  set_property
    [-help]
    [-quiet]
    attribute
    value
    object
    [{>|>>} <stdoutFile>]
---------------------------------------------------------------------
incorrect argument "-dict" for "set_property" at line 27 of file C:/Temp/lab02_combine_logic_v1/lab02_combine_logic.srcs/constrs_1/new/combine_logic.xdc
incorrect set of required parameters for "set_property" at line 27 of file C:/Temp/lab02_combine_logic_v1/lab02_combine_logic.srcs/constrs_1/new/combine_logic.xdc
---------------------------------------------------------------------
Usage:
  set_property
    [-help]
    [-quiet]
    attribute
    value
    object
    [{>|>>} <stdoutFile>]
---------------------------------------------------------------------
incorrect argument "-dict" for "set_property" at line 28 of file C:/Temp/lab02_combine_logic_v1/lab02_combine_logic.srcs/constrs_1/new/combine_logic.xdc
incorrect set of required parameters for "set_property" at line 28 of file C:/Temp/lab02_combine_logic_v1/lab02_combine_logic.srcs/constrs_1/new/combine_logic.xdc
---------------------------------------------------------------------
Usage:
  set_property
    [-help]
    [-quiet]
    attribute
    value
    object
    [{>|>>} <stdoutFile>]
---------------------------------------------------------------------
incorrect argument "-dict" for "set_property" at line 60 of file C:/Temp/lab02_combine_logic_v1/lab02_combine_logic.srcs/constrs_1/new/combine_logic.xdc
incorrect set of required parameters for "set_property" at line 60 of file C:/Temp/lab02_combine_logic_v1/lab02_combine_logic.srcs/constrs_1/new/combine_logic.xdc
---------------------------------------------------------------------
Usage:
  set_property
    [-help]
    [-quiet]
    attribute
    value
    object
    [{>|>>} <stdoutFile>]
---------------------------------------------------------------------
incorrect argument "-dict" for "set_property" at line 61 of file C:/Temp/lab02_combine_logic_v1/lab02_combine_logic.srcs/constrs_1/new/combine_logic.xdc
incorrect set of required parameters for "set_property" at line 61 of file C:/Temp/lab02_combine_logic_v1/lab02_combine_logic.srcs/constrs_1/new/combine_logic.xdc
---------------------------------------------------------------------
Usage:
  set_property
    [-help]
    [-quiet]
    attribute
    value
    object
    [{>|>>} <stdoutFile>]
---------------------------------------------------------------------
incorrect argument "-dict" for "set_property" at line 62 of file C:/Temp/lab02_combine_logic_v1/lab02_combine_logic.srcs/constrs_1/new/combine_logic.xdc
incorrect set of required parameters for "set_property" at line 62 of file C:/Temp/lab02_combine_logic_v1/lab02_combine_logic.srcs/constrs_1/new/combine_logic.xdc
---------------------------------------------------------------------
Usage:
  set_property
    [-help]
    [-quiet]
    attribute
    value
    object
    [{>|>>} <stdoutFile>]
---------------------------------------------------------------------
incorrect argument "-dict" for "set_property" at line 63 of file C:/Temp/lab02_combine_logic_v1/lab02_combine_logic.srcs/constrs_1/new/combine_logic.xdc
incorrect set of required parameters for "set_property" at line 63 of file C:/Temp/lab02_combine_logic_v1/lab02_combine_logic.srcs/constrs_1/new/combine_logic.xdc
---------------------------------------------------------------------
Usage:
  set_property
    [-help]
    [-quiet]
    attribute
    value
    object
    [{>|>>} <stdoutFile>]
---------------------------------------------------------------------
incorrect argument "-dict" for "set_property" at line 64 of file C:/Temp/lab02_combine_logic_v1/lab02_combine_logic.srcs/constrs_1/new/combine_logic.xdc
incorrect set of required parameters for "set_property" at line 64 of file C:/Temp/lab02_combine_logic_v1/lab02_combine_logic.srcs/constrs_1/new/combine_logic.xdc
---------------------------------------------------------------------
Usage:
  set_property
    [-help]
    [-quiet]
    attribute
    value
    object
    [{>|>>} <stdoutFile>]
---------------------------------------------------------------------
incorrect argument "-dict" for "set_property" at line 65 of file C:/Temp/lab02_combine_logic_v1/lab02_combine_logic.srcs/constrs_1/new/combine_logic.xdc
incorrect set of required parameters for "set_property" at line 65 of file C:/Temp/lab02_combine_logic_v1/lab02_combine_logic.srcs/constrs_1/new/combine_logic.xdc
---------------------------------------------------------------------
Usage:
  set_property
    [-help]
    [-quiet]
    attribute
    value
    object
    [{>|>>} <stdoutFile>]
---------------------------------------------------------------------
incorrect argument "-dict" for "set_property" at line 66 of file C:/Temp/lab02_combine_logic_v1/lab02_combine_logic.srcs/constrs_1/new/combine_logic.xdc
incorrect set of required parameters for "set_property" at line 66 of file C:/Temp/lab02_combine_logic_v1/lab02_combine_logic.srcs/constrs_1/new/combine_logic.xdc
---------------------------------------------------------------------
Usage:
  set_property
    [-help]
    [-quiet]
    attribute
    value
    object
    [{>|>>} <stdoutFile>]
---------------------------------------------------------------------
incorrect argument "-dict" for "set_property" at line 70 of file C:/Temp/lab02_combine_logic_v1/lab02_combine_logic.srcs/constrs_1/new/combine_logic.xdc
incorrect set of required parameters for "set_property" at line 70 of file C:/Temp/lab02_combine_logic_v1/lab02_combine_logic.srcs/constrs_1/new/combine_logic.xdc
---------------------------------------------------------------------
Usage:
  set_property
    [-help]
    [-quiet]
    attribute
    value
    object
    [{>|>>} <stdoutFile>]
---------------------------------------------------------------------
incorrect argument "-dict" for "set_property" at line 71 of file C:/Temp/lab02_combine_logic_v1/lab02_combine_logic.srcs/constrs_1/new/combine_logic.xdc
incorrect set of required parameters for "set_property" at line 71 of file C:/Temp/lab02_combine_logic_v1/lab02_combine_logic.srcs/constrs_1/new/combine_logic.xdc
---------------------------------------------------------------------
Usage:
  set_property
    [-help]
    [-quiet]
    attribute
    value
    object
    [{>|>>} <stdoutFile>]
---------------------------------------------------------------------
incorrect argument "-dict" for "set_property" at line 72 of file C:/Temp/lab02_combine_logic_v1/lab02_combine_logic.srcs/constrs_1/new/combine_logic.xdc
incorrect set of required parameters for "set_property" at line 72 of file C:/Temp/lab02_combine_logic_v1/lab02_combine_logic.srcs/constrs_1/new/combine_logic.xdc
---------------------------------------------------------------------
Usage:
  set_property
    [-help]
    [-quiet]
    attribute
    value
    object
    [{>|>>} <stdoutFile>]
---------------------------------------------------------------------
incorrect argument "-dict" for "set_property" at line 73 of file C:/Temp/lab02_combine_logic_v1/lab02_combine_logic.srcs/constrs_1/new/combine_logic.xdc
incorrect set of required parameters for "set_property" at line 73 of file C:/Temp/lab02_combine_logic_v1/lab02_combine_logic.srcs/constrs_1/new/combine_logic.xdc
---------------------------------------------------------------------
Usage:
  set_property
    [-help]
    [-quiet]
    attribute
    value
    object
    [{>|>>} <stdoutFile>]
---------------------------------------------------------------------
incorrect argument "-dict" for "set_property" at line 74 of file C:/Temp/lab02_combine_logic_v1/lab02_combine_logic.srcs/constrs_1/new/combine_logic.xdc
incorrect set of required parameters for "set_property" at line 74 of file C:/Temp/lab02_combine_logic_v1/lab02_combine_logic.srcs/constrs_1/new/combine_logic.xdc
---------------------------------------------------------------------
Usage:
  set_property
    [-help]
    [-quiet]
    attribute
    value
    object
    [{>|>>} <stdoutFile>]
---------------------------------------------------------------------
incorrect argument "-dict" for "set_property" at line 75 of file C:/Temp/lab02_combine_logic_v1/lab02_combine_logic.srcs/constrs_1/new/combine_logic.xdc
incorrect set of required parameters for "set_property" at line 75 of file C:/Temp/lab02_combine_logic_v1/lab02_combine_logic.srcs/constrs_1/new/combine_logic.xdc
---------------------------------------------------------------------
Usage:
  set_property
    [-help]
    [-quiet]
    attribute
    value
    object
    [{>|>>} <stdoutFile>]
---------------------------------------------------------------------
incorrect argument "-dict" for "set_property" at line 76 of file C:/Temp/lab02_combine_logic_v1/lab02_combine_logic.srcs/constrs_1/new/combine_logic.xdc
incorrect set of required parameters for "set_property" at line 76 of file C:/Temp/lab02_combine_logic_v1/lab02_combine_logic.srcs/constrs_1/new/combine_logic.xdc
---------------------------------------------------------------------
Usage:
  set_property
    [-help]
    [-quiet]
    attribute
    value
    object
    [{>|>>} <stdoutFile>]
---------------------------------------------------------------------
incorrect argument "-dict" for "set_property" at line 77 of file C:/Temp/lab02_combine_logic_v1/lab02_combine_logic.srcs/constrs_1/new/combine_logic.xdc
incorrect set of required parameters for "set_property" at line 77 of file C:/Temp/lab02_combine_logic_v1/lab02_combine_logic.srcs/constrs_1/new/combine_logic.xdc
---------------------------------------------------------------------
Usage:
  set_property
    [-help]
    [-quiet]
    attribute
    value
    object
    [{>|>>} <stdoutFile>]
---------------------------------------------------------------------
---------------------------------------------------------------------------------
Finished applying 'set_property' XDC Constraints : Time (s): cpu = 00:00:11 ; elapsed = 00:00:13 . Memory (MB): peak = 573.242 ; gain = 358.809
---------------------------------------------------------------------------------
---------------------------------------------------------------------------------
Finished RTL Optimization Phase 2 : Time (s): cpu = 00:00:11 ; elapsed = 00:00:13 . Memory (MB): peak = 573.242 ; gain = 358.809
---------------------------------------------------------------------------------

Report RTL Partitions: 
+-+--------------+------------+----------+
| |RTL Partition |Replication |Instances |
+-+--------------+------------+----------+
+-+--------------+------------+----------+
---------------------------------------------------------------------------------
Start RTL Component Statistics 
---------------------------------------------------------------------------------
Detailed RTL Component Info : 
+---Adders : 
	   2 Input      5 Bit       Adders := 1     
	   3 Input      4 Bit       Adders := 1     
+---XORs : 
	   2 Input      4 Bit         XORs := 1     
+---Muxes : 
	   5 Input      8 Bit        Muxes := 1     
	  16 Input      7 Bit        Muxes := 1     
	   2 Input      4 Bit        Muxes := 2     
	   6 Input      4 Bit        Muxes := 1     
---------------------------------------------------------------------------------
Finished RTL Component Statistics 
---------------------------------------------------------------------------------
---------------------------------------------------------------------------------
Start RTL Hierarchical Component Statistics 
---------------------------------------------------------------------------------
Hierarchical RTL Component report 
Module display_decoder 
Detailed RTL Component Info : 
+---Muxes : 
	   5 Input      8 Bit        Muxes := 1     
Module sevenseg_dec 
Detailed RTL Component Info : 
+---Muxes : 
	  16 Input      7 Bit        Muxes := 1     
Module digital_dec 
Detailed RTL Component Info : 
+---Adders : 
	   2 Input      5 Bit       Adders := 1     
	   3 Input      4 Bit       Adders := 1     
+---XORs : 
	   2 Input      4 Bit         XORs := 1     
+---Muxes : 
	   2 Input      4 Bit        Muxes := 2     
	   6 Input      4 Bit        Muxes := 1     
---------------------------------------------------------------------------------
Finished RTL Hierarchical Component Statistics
---------------------------------------------------------------------------------
---------------------------------------------------------------------------------
Start Part Resource Summary
---------------------------------------------------------------------------------
Part Resources:
DSPs: 240 (col length:80)
BRAMs: 270 (col length: RAMB18 80 RAMB36 40)
---------------------------------------------------------------------------------
Finished Part Resource Summary
---------------------------------------------------------------------------------
Start Parallel Synthesis Optimization  : Time (s): cpu = 00:00:11 ; elapsed = 00:00:13 . Memory (MB): peak = 573.242 ; gain = 358.809
---------------------------------------------------------------------------------
Start Cross Boundary Optimization
---------------------------------------------------------------------------------
WARNING: [Synth 8-3917] design combine_logic_top has port AN[6] driven by constant 1
WARNING: [Synth 8-3917] design combine_logic_top has port AN[4] driven by constant 1
WARNING: [Synth 8-3917] design combine_logic_top has port AN[3] driven by constant 1
WARNING: [Synth 8-3917] design combine_logic_top has port AN[2] driven by constant 1
---------------------------------------------------------------------------------
Finished Cross Boundary Optimization : Time (s): cpu = 00:00:11 ; elapsed = 00:00:13 . Memory (MB): peak = 573.242 ; gain = 358.809
---------------------------------------------------------------------------------
Finished Parallel Reinference  : Time (s): cpu = 00:00:11 ; elapsed = 00:00:13 . Memory (MB): peak = 573.242 ; gain = 358.809

Report RTL Partitions: 
+-+--------------+------------+----------+
| |RTL Partition |Replication |Instances |
+-+--------------+------------+----------+
+-+--------------+------------+----------+
---------------------------------------------------------------------------------
Start Area Optimization
---------------------------------------------------------------------------------
---------------------------------------------------------------------------------
Finished Area Optimization : Time (s): cpu = 00:00:11 ; elapsed = 00:00:13 . Memory (MB): peak = 573.242 ; gain = 358.809
---------------------------------------------------------------------------------
Finished Parallel Area Optimization  : Time (s): cpu = 00:00:11 ; elapsed = 00:00:13 . Memory (MB): peak = 573.242 ; gain = 358.809

Report RTL Partitions: 
+-+--------------+------------+----------+
| |RTL Partition |Replication |Instances |
+-+--------------+------------+----------+
+-+--------------+------------+----------+
Finished Parallel Synthesis Optimization  : Time (s): cpu = 00:00:11 ; elapsed = 00:00:13 . Memory (MB): peak = 573.242 ; gain = 358.809
---------------------------------------------------------------------------------
Start Timing Optimization
---------------------------------------------------------------------------------
---------------------------------------------------------------------------------
Start Applying XDC Timing Constraints
---------------------------------------------------------------------------------
incorrect argument "-dict" for "set_property" at line 13 of file C:/Temp/lab02_combine_logic_v1/lab02_combine_logic.srcs/constrs_1/new/combine_logic.xdc
incorrect set of required parameters for "set_property" at line 13 of file C:/Temp/lab02_combine_logic_v1/lab02_combine_logic.srcs/constrs_1/new/combine_logic.xdc
---------------------------------------------------------------------
Usage:
  set_property
    [-help]
    [-quiet]
    attribute
    value
    object
    [{>|>>} <stdoutFile>]
---------------------------------------------------------------------
incorrect argument "-dict" for "set_property" at line 14 of file C:/Temp/lab02_combine_logic_v1/lab02_combine_logic.srcs/constrs_1/new/combine_logic.xdc
incorrect set of required parameters for "set_property" at line 14 of file C:/Temp/lab02_combine_logic_v1/lab02_combine_logic.srcs/constrs_1/new/combine_logic.xdc
---------------------------------------------------------------------
Usage:
  set_property
    [-help]
    [-quiet]
    attribute
    value
    object
    [{>|>>} <stdoutFile>]
---------------------------------------------------------------------
incorrect argument "-dict" for "set_property" at line 15 of file C:/Temp/lab02_combine_logic_v1/lab02_combine_logic.srcs/constrs_1/new/combine_logic.xdc
incorrect set of required parameters for "set_property" at line 15 of file C:/Temp/lab02_combine_logic_v1/lab02_combine_logic.srcs/constrs_1/new/combine_logic.xdc
---------------------------------------------------------------------
Usage:
  set_property
    [-help]
    [-quiet]
    attribute
    value
    object
    [{>|>>} <stdoutFile>]
---------------------------------------------------------------------
incorrect argument "-dict" for "set_property" at line 16 of file C:/Temp/lab02_combine_logic_v1/lab02_combine_logic.srcs/constrs_1/new/combine_logic.xdc
incorrect set of required parameters for "set_property" at line 16 of file C:/Temp/lab02_combine_logic_v1/lab02_combine_logic.srcs/constrs_1/new/combine_logic.xdc
---------------------------------------------------------------------
Usage:
  set_property
    [-help]
    [-quiet]
    attribute
    value
    object
    [{>|>>} <stdoutFile>]
---------------------------------------------------------------------
incorrect argument "-dict" for "set_property" at line 17 of file C:/Temp/lab02_combine_logic_v1/lab02_combine_logic.srcs/constrs_1/new/combine_logic.xdc
incorrect set of required parameters for "set_property" at line 17 of file C:/Temp/lab02_combine_logic_v1/lab02_combine_logic.srcs/constrs_1/new/combine_logic.xdc
---------------------------------------------------------------------
Usage:
  set_property
    [-help]
    [-quiet]
    attribute
    value
    object
    [{>|>>} <stdoutFile>]
---------------------------------------------------------------------
incorrect argument "-dict" for "set_property" at line 18 of file C:/Temp/lab02_combine_logic_v1/lab02_combine_logic.srcs/constrs_1/new/combine_logic.xdc
incorrect set of required parameters for "set_property" at line 18 of file C:/Temp/lab02_combine_logic_v1/lab02_combine_logic.srcs/constrs_1/new/combine_logic.xdc
---------------------------------------------------------------------
Usage:
  set_property
    [-help]
    [-quiet]
    attribute
    value
    object
    [{>|>>} <stdoutFile>]
---------------------------------------------------------------------
incorrect argument "-dict" for "set_property" at line 19 of file C:/Temp/lab02_combine_logic_v1/lab02_combine_logic.srcs/constrs_1/new/combine_logic.xdc
incorrect set of required parameters for "set_property" at line 19 of file C:/Temp/lab02_combine_logic_v1/lab02_combine_logic.srcs/constrs_1/new/combine_logic.xdc
---------------------------------------------------------------------
Usage:
  set_property
    [-help]
    [-quiet]
    attribute
    value
    object
    [{>|>>} <stdoutFile>]
---------------------------------------------------------------------
incorrect argument "-dict" for "set_property" at line 20 of file C:/Temp/lab02_combine_logic_v1/lab02_combine_logic.srcs/constrs_1/new/combine_logic.xdc
incorrect set of required parameters for "set_property" at line 20 of file C:/Temp/lab02_combine_logic_v1/lab02_combine_logic.srcs/constrs_1/new/combine_logic.xdc
---------------------------------------------------------------------
Usage:
  set_property
    [-help]
    [-quiet]
    attribute
    value
    object
    [{>|>>} <stdoutFile>]
---------------------------------------------------------------------
incorrect argument "-dict" for "set_property" at line 21 of file C:/Temp/lab02_combine_logic_v1/lab02_combine_logic.srcs/constrs_1/new/combine_logic.xdc
incorrect set of required parameters for "set_property" at line 21 of file C:/Temp/lab02_combine_logic_v1/lab02_combine_logic.srcs/constrs_1/new/combine_logic.xdc
---------------------------------------------------------------------
Usage:
  set_property
    [-help]
    [-quiet]
    attribute
    value
    object
    [{>|>>} <stdoutFile>]
---------------------------------------------------------------------
incorrect argument "-dict" for "set_property" at line 22 of file C:/Temp/lab02_combine_logic_v1/lab02_combine_logic.srcs/constrs_1/new/combine_logic.xdc
incorrect set of required parameters for "set_property" at line 22 of file C:/Temp/lab02_combine_logic_v1/lab02_combine_logic.srcs/constrs_1/new/combine_logic.xdc
---------------------------------------------------------------------
Usage:
  set_property
    [-help]
    [-quiet]
    attribute
    value
    object
    [{>|>>} <stdoutFile>]
---------------------------------------------------------------------
incorrect argument "-dict" for "set_property" at line 23 of file C:/Temp/lab02_combine_logic_v1/lab02_combine_logic.srcs/constrs_1/new/combine_logic.xdc
incorrect set of required parameters for "set_property" at line 23 of file C:/Temp/lab02_combine_logic_v1/lab02_combine_logic.srcs/constrs_1/new/combine_logic.xdc
---------------------------------------------------------------------
Usage:
  set_property
    [-help]
    [-quiet]
    attribute
    value
    object
    [{>|>>} <stdoutFile>]
---------------------------------------------------------------------
incorrect argument "-dict" for "set_property" at line 25 of file C:/Temp/lab02_combine_logic_v1/lab02_combine_logic.srcs/constrs_1/new/combine_logic.xdc
incorrect set of required parameters for "set_property" at line 25 of file C:/Temp/lab02_combine_logic_v1/lab02_combine_logic.srcs/constrs_1/new/combine_logic.xdc
---------------------------------------------------------------------
Usage:
  set_property
    [-help]
    [-quiet]
    attribute
    value
    object
    [{>|>>} <stdoutFile>]
---------------------------------------------------------------------
incorrect argument "-dict" for "set_property" at line 26 of file C:/Temp/lab02_combine_logic_v1/lab02_combine_logic.srcs/constrs_1/new/combine_logic.xdc
incorrect set of required parameters for "set_property" at line 26 of file C:/Temp/lab02_combine_logic_v1/lab02_combine_logic.srcs/constrs_1/new/combine_logic.xdc
---------------------------------------------------------------------
Usage:
  set_property
    [-help]
    [-quiet]
    attribute
    value
    object
    [{>|>>} <stdoutFile>]
---------------------------------------------------------------------
incorrect argument "-dict" for "set_property" at line 27 of file C:/Temp/lab02_combine_logic_v1/lab02_combine_logic.srcs/constrs_1/new/combine_logic.xdc
incorrect set of required parameters for "set_property" at line 27 of file C:/Temp/lab02_combine_logic_v1/lab02_combine_logic.srcs/constrs_1/new/combine_logic.xdc
---------------------------------------------------------------------
Usage:
  set_property
    [-help]
    [-quiet]
    attribute
    value
    object
    [{>|>>} <stdoutFile>]
---------------------------------------------------------------------
incorrect argument "-dict" for "set_property" at line 28 of file C:/Temp/lab02_combine_logic_v1/lab02_combine_logic.srcs/constrs_1/new/combine_logic.xdc
incorrect set of required parameters for "set_property" at line 28 of file C:/Temp/lab02_combine_logic_v1/lab02_combine_logic.srcs/constrs_1/new/combine_logic.xdc
---------------------------------------------------------------------
Usage:
  set_property
    [-help]
    [-quiet]
    attribute
    value
    object
    [{>|>>} <stdoutFile>]
---------------------------------------------------------------------
incorrect argument "-dict" for "set_property" at line 60 of file C:/Temp/lab02_combine_logic_v1/lab02_combine_logic.srcs/constrs_1/new/combine_logic.xdc
incorrect set of required parameters for "set_property" at line 60 of file C:/Temp/lab02_combine_logic_v1/lab02_combine_logic.srcs/constrs_1/new/combine_logic.xdc
---------------------------------------------------------------------
Usage:
  set_property
    [-help]
    [-quiet]
    attribute
    value
    object
    [{>|>>} <stdoutFile>]
---------------------------------------------------------------------
incorrect argument "-dict" for "set_property" at line 61 of file C:/Temp/lab02_combine_logic_v1/lab02_combine_logic.srcs/constrs_1/new/combine_logic.xdc
incorrect set of required parameters for "set_property" at line 61 of file C:/Temp/lab02_combine_logic_v1/lab02_combine_logic.srcs/constrs_1/new/combine_logic.xdc
---------------------------------------------------------------------
Usage:
  set_property
    [-help]
    [-quiet]
    attribute
    value
    object
    [{>|>>} <stdoutFile>]
---------------------------------------------------------------------
incorrect argument "-dict" for "set_property" at line 62 of file C:/Temp/lab02_combine_logic_v1/lab02_combine_logic.srcs/constrs_1/new/combine_logic.xdc
incorrect set of required parameters for "set_property" at line 62 of file C:/Temp/lab02_combine_logic_v1/lab02_combine_logic.srcs/constrs_1/new/combine_logic.xdc
---------------------------------------------------------------------
Usage:
  set_property
    [-help]
    [-quiet]
    attribute
    value
    object
    [{>|>>} <stdoutFile>]
---------------------------------------------------------------------
incorrect argument "-dict" for "set_property" at line 63 of file C:/Temp/lab02_combine_logic_v1/lab02_combine_logic.srcs/constrs_1/new/combine_logic.xdc
incorrect set of required parameters for "set_property" at line 63 of file C:/Temp/lab02_combine_logic_v1/lab02_combine_logic.srcs/constrs_1/new/combine_logic.xdc
---------------------------------------------------------------------
Usage:
  set_property
    [-help]
    [-quiet]
    attribute
    value
    object
    [{>|>>} <stdoutFile>]
---------------------------------------------------------------------
incorrect argument "-dict" for "set_property" at line 64 of file C:/Temp/lab02_combine_logic_v1/lab02_combine_logic.srcs/constrs_1/new/combine_logic.xdc
incorrect set of required parameters for "set_property" at line 64 of file C:/Temp/lab02_combine_logic_v1/lab02_combine_logic.srcs/constrs_1/new/combine_logic.xdc
---------------------------------------------------------------------
Usage:
  set_property
    [-help]
    [-quiet]
    attribute
    value
    object
    [{>|>>} <stdoutFile>]
---------------------------------------------------------------------
incorrect argument "-dict" for "set_property" at line 65 of file C:/Temp/lab02_combine_logic_v1/lab02_combine_logic.srcs/constrs_1/new/combine_logic.xdc
incorrect set of required parameters for "set_property" at line 65 of file C:/Temp/lab02_combine_logic_v1/lab02_combine_logic.srcs/constrs_1/new/combine_logic.xdc
---------------------------------------------------------------------
Usage:
  set_property
    [-help]
    [-quiet]
    attribute
    value
    object
    [{>|>>} <stdoutFile>]
---------------------------------------------------------------------
incorrect argument "-dict" for "set_property" at line 66 of file C:/Temp/lab02_combine_logic_v1/lab02_combine_logic.srcs/constrs_1/new/combine_logic.xdc
incorrect set of required parameters for "set_property" at line 66 of file C:/Temp/lab02_combine_logic_v1/lab02_combine_logic.srcs/constrs_1/new/combine_logic.xdc
---------------------------------------------------------------------
Usage:
  set_property
    [-help]
    [-quiet]
    attribute
    value
    object
    [{>|>>} <stdoutFile>]
---------------------------------------------------------------------
incorrect argument "-dict" for "set_property" at line 70 of file C:/Temp/lab02_combine_logic_v1/lab02_combine_logic.srcs/constrs_1/new/combine_logic.xdc
incorrect set of required parameters for "set_property" at line 70 of file C:/Temp/lab02_combine_logic_v1/lab02_combine_logic.srcs/constrs_1/new/combine_logic.xdc
---------------------------------------------------------------------
Usage:
  set_property
    [-help]
    [-quiet]
    attribute
    value
    object
    [{>|>>} <stdoutFile>]
---------------------------------------------------------------------
incorrect argument "-dict" for "set_property" at line 71 of file C:/Temp/lab02_combine_logic_v1/lab02_combine_logic.srcs/constrs_1/new/combine_logic.xdc
incorrect set of required parameters for "set_property" at line 71 of file C:/Temp/lab02_combine_logic_v1/lab02_combine_logic.srcs/constrs_1/new/combine_logic.xdc
---------------------------------------------------------------------
Usage:
  set_property
    [-help]
    [-quiet]
    attribute
    value
    object
    [{>|>>} <stdoutFile>]
---------------------------------------------------------------------
incorrect argument "-dict" for "set_property" at line 72 of file C:/Temp/lab02_combine_logic_v1/lab02_combine_logic.srcs/constrs_1/new/combine_logic.xdc
incorrect set of required parameters for "set_property" at line 72 of file C:/Temp/lab02_combine_logic_v1/lab02_combine_logic.srcs/constrs_1/new/combine_logic.xdc
---------------------------------------------------------------------
Usage:
  set_property
    [-help]
    [-quiet]
    attribute
    value
    object
    [{>|>>} <stdoutFile>]
---------------------------------------------------------------------
incorrect argument "-dict" for "set_property" at line 73 of file C:/Temp/lab02_combine_logic_v1/lab02_combine_logic.srcs/constrs_1/new/combine_logic.xdc
incorrect set of required parameters for "set_property" at line 73 of file C:/Temp/lab02_combine_logic_v1/lab02_combine_logic.srcs/constrs_1/new/combine_logic.xdc
---------------------------------------------------------------------
Usage:
  set_property
    [-help]
    [-quiet]
    attribute
    value
    object
    [{>|>>} <stdoutFile>]
---------------------------------------------------------------------
incorrect argument "-dict" for "set_property" at line 74 of file C:/Temp/lab02_combine_logic_v1/lab02_combine_logic.srcs/constrs_1/new/combine_logic.xdc
incorrect set of required parameters for "set_property" at line 74 of file C:/Temp/lab02_combine_logic_v1/lab02_combine_logic.srcs/constrs_1/new/combine_logic.xdc
---------------------------------------------------------------------
Usage:
  set_property
    [-help]
    [-quiet]
    attribute
    value
    object
    [{>|>>} <stdoutFile>]
---------------------------------------------------------------------
incorrect argument "-dict" for "set_property" at line 75 of file C:/Temp/lab02_combine_logic_v1/lab02_combine_logic.srcs/constrs_1/new/combine_logic.xdc
incorrect set of required parameters for "set_property" at line 75 of file C:/Temp/lab02_combine_logic_v1/lab02_combine_logic.srcs/constrs_1/new/combine_logic.xdc
---------------------------------------------------------------------
Usage:
  set_property
    [-help]
    [-quiet]
    attribute
    value
    object
    [{>|>>} <stdoutFile>]
---------------------------------------------------------------------
incorrect argument "-dict" for "set_property" at line 76 of file C:/Temp/lab02_combine_logic_v1/lab02_combine_logic.srcs/constrs_1/new/combine_logic.xdc
incorrect set of required parameters for "set_property" at line 76 of file C:/Temp/lab02_combine_logic_v1/lab02_combine_logic.srcs/constrs_1/new/combine_logic.xdc
---------------------------------------------------------------------
Usage:
  set_property
    [-help]
    [-quiet]
    attribute
    value
    object
    [{>|>>} <stdoutFile>]
---------------------------------------------------------------------
incorrect argument "-dict" for "set_property" at line 77 of file C:/Temp/lab02_combine_logic_v1/lab02_combine_logic.srcs/constrs_1/new/combine_logic.xdc
incorrect set of required parameters for "set_property" at line 77 of file C:/Temp/lab02_combine_logic_v1/lab02_combine_logic.srcs/constrs_1/new/combine_logic.xdc
---------------------------------------------------------------------
Usage:
  set_property
    [-help]
    [-quiet]
    attribute
    value
    object
    [{>|>>} <stdoutFile>]
---------------------------------------------------------------------
---------------------------------------------------------------------------------
Finished Applying XDC Timing Constraints : Time (s): cpu = 00:00:23 ; elapsed = 00:00:25 . Memory (MB): peak = 574.066 ; gain = 359.633
---------------------------------------------------------------------------------
---------------------------------------------------------------------------------
Finished Timing Optimization : Time (s): cpu = 00:00:23 ; elapsed = 00:00:25 . Memory (MB): peak = 574.066 ; gain = 359.633
---------------------------------------------------------------------------------

Report RTL Partitions: 
+-+--------------+------------+----------+
| |RTL Partition |Replication |Instances |
+-+--------------+------------+----------+
+-+--------------+------------+----------+
---------------------------------------------------------------------------------
Start Technology Mapping
---------------------------------------------------------------------------------
---------------------------------------------------------------------------------
Finished Technology Mapping : Time (s): cpu = 00:00:23 ; elapsed = 00:00:25 . Memory (MB): peak = 589.680 ; gain = 375.246
---------------------------------------------------------------------------------

Report RTL Partitions: 
+-+--------------+------------+----------+
| |RTL Partition |Replication |Instances |
+-+--------------+------------+----------+
+-+--------------+------------+----------+
---------------------------------------------------------------------------------
Start IO Insertion
---------------------------------------------------------------------------------
---------------------------------------------------------------------------------
Start Final Netlist Cleanup
---------------------------------------------------------------------------------
---------------------------------------------------------------------------------
Finished Final Netlist Cleanup
---------------------------------------------------------------------------------
---------------------------------------------------------------------------------
Finished IO Insertion : Time (s): cpu = 00:00:23 ; elapsed = 00:00:26 . Memory (MB): peak = 589.680 ; gain = 375.246
---------------------------------------------------------------------------------

Report Check Netlist: 
+------+------------------+-------+---------+-------+------------------+
|      |Item              |Errors |Warnings |Status |Description       |
+------+------------------+-------+---------+-------+------------------+
|1     |multi_driven_nets |      0|        0|Passed |Multi driven nets |
+------+------------------+-------+---------+-------+------------------+
---------------------------------------------------------------------------------
Start Renaming Generated Instances
---------------------------------------------------------------------------------
---------------------------------------------------------------------------------
Finished Renaming Generated Instances : Time (s): cpu = 00:00:23 ; elapsed = 00:00:26 . Memory (MB): peak = 589.680 ; gain = 375.246
---------------------------------------------------------------------------------

Report RTL Partitions: 
+-+--------------+------------+----------+
| |RTL Partition |Replication |Instances |
+-+--------------+------------+----------+
+-+--------------+------------+----------+
---------------------------------------------------------------------------------
Start Rebuilding User Hierarchy
---------------------------------------------------------------------------------
---------------------------------------------------------------------------------
Finished Rebuilding User Hierarchy : Time (s): cpu = 00:00:23 ; elapsed = 00:00:26 . Memory (MB): peak = 589.680 ; gain = 375.246
---------------------------------------------------------------------------------
---------------------------------------------------------------------------------
Start Renaming Generated Ports : Time (s): cpu = 00:00:23 ; elapsed = 00:00:26 . Memory (MB): peak = 589.680 ; gain = 375.246
---------------------------------------------------------------------------------
---------------------------------------------------------------------------------
Finished Renaming Generated Ports : Time (s): cpu = 00:00:23 ; elapsed = 00:00:26 . Memory (MB): peak = 589.680 ; gain = 375.246
---------------------------------------------------------------------------------
---------------------------------------------------------------------------------
Start Writing Synthesis Report
---------------------------------------------------------------------------------

Report BlackBoxes: 
+-+--------------+----------+
| |BlackBox name |Instances |
+-+--------------+----------+
+-+--------------+----------+

Report Cell Usage: 
+------+------+------+
|      |Cell  |Count |
+------+------+------+
|1     |LUT2  |     3|
|2     |LUT3  |     7|
|3     |LUT4  |     4|
|4     |LUT5  |    11|
|5     |LUT6  |    25|
|6     |MUXF7 |     3|
|7     |IBUF  |    15|
|8     |OBUF  |    15|
+------+------+------+

Report Instance Areas: 
+------+---------+-------+------+
|      |Instance |Module |Cells |
+------+---------+-------+------+
|1     |top      |       |    83|
+------+---------+-------+------+
---------------------------------------------------------------------------------
Finished Writing Synthesis Report : Time (s): cpu = 00:00:23 ; elapsed = 00:00:26 . Memory (MB): peak = 589.680 ; gain = 375.246
---------------------------------------------------------------------------------
Synthesis finished with 0 errors, 0 critical warnings and 4 warnings.
Synthesis Optimization Runtime : Time (s): cpu = 00:00:15 ; elapsed = 00:00:19 . Memory (MB): peak = 589.680 ; gain = 61.785
Synthesis Optimization Complete : Time (s): cpu = 00:00:24 ; elapsed = 00:00:26 . Memory (MB): peak = 589.680 ; gain = 375.246
INFO: [Project 1-571] Translating synthesized netlist
INFO: [Netlist 29-17] Analyzing 15 Unisim elements for replacement
INFO: [Netlist 29-28] Unisim Transformation completed in 0 CPU seconds
INFO: [Project 1-570] Preparing netlist for logic optimization
INFO: [Opt 31-138] Pushed 0 inverter(s) to 0 load pin(s).
INFO: [Project 1-111] Unisim Transformation Summary:
No Unisim elements were transformed.

INFO: [Common 17-83] Releasing license: Synthesis
20 Infos, 4 Warnings, 0 Critical Warnings and 0 Errors encountered.
synth_design completed successfully
synth_design: Time (s): cpu = 00:00:24 ; elapsed = 00:00:24 . Memory (MB): peak = 589.680 ; gain = 365.867
report_utilization: Time (s): cpu = 00:00:00 ; elapsed = 00:00:00.039 . Memory (MB): peak = 589.680 ; gain = 0.000
INFO: [Common 17-206] Exiting Vivado at Mon Apr 24 08:41:17 2017...
