Copyright 1986-2017 Xilinx, Inc. All Rights Reserved.
------------------------------------------------------------------------------------
| Tool Version : Vivado v.2017.2 (win64) Build 1909853 Thu Jun 15 18:39:09 MDT 2017
| Date         : Wed Feb 20 21:09:43 2019
| Host         : DESKTOP-KM458MG running 64-bit major release  (build 9200)
| Command      : report_control_sets -verbose -file cpu28_control_sets_placed.rpt
| Design       : cpu28
| Device       : xc7a100t
------------------------------------------------------------------------------------

Control Set Information

Table of Contents
-----------------
1. Summary
2. Flip-Flop Distribution
3. Detailed Control Set Information

1. Summary
----------

+----------------------------------------------------------+-------+
|                          Status                          | Count |
+----------------------------------------------------------+-------+
| Number of unique control sets                            |   242 |
| Unused register locations in slices containing registers |    23 |
+----------------------------------------------------------+-------+


2. Flip-Flop Distribution
-------------------------

+--------------+-----------------------+------------------------+-----------------+--------------+
| Clock Enable | Synchronous Set/Reset | Asynchronous Set/Reset | Total Registers | Total Slices |
+--------------+-----------------------+------------------------+-----------------+--------------+
| No           | No                    | No                     |              14 |            7 |
| No           | No                    | Yes                    |               0 |            0 |
| No           | Yes                   | No                     |              32 |            8 |
| Yes          | No                    | No                     |               0 |            0 |
| Yes          | No                    | Yes                    |            1088 |          678 |
| Yes          | Yes                   | No                     |            1675 |          558 |
+--------------+-----------------------+------------------------+-----------------+--------------+


3. Detailed Control Set Information
-----------------------------------

+----------------------+---------------------------------------------+---------------------------------------------+------------------+----------------+
|     Clock Signal     |                Enable Signal                |               Set/Reset Signal              | Slice Load Count | Bel Load Count |
+----------------------+---------------------------------------------+---------------------------------------------+------------------+----------------+
|  clk_IBUF_BUFG       |                                             |                                             |                2 |              2 |
|  clk_div/CLK         |                                             |                                             |                1 |              3 |
|  my_datapath/PC/E[0] |                                             |                                             |                1 |              4 |
|  clk_N_BUFG          |                                             |                                             |                3 |              5 |
|  clk_N_BUFG          | my_datapath/my24control/state_reg[19][8]    | my_datapath/my24control/state_reg[17][8]    |                2 |              5 |
|  clk_N_BUFG          | my_datapath/my24control/state_reg[19][24]   | my_datapath/my24control/state_reg[17][24]   |                3 |              6 |
|  clk_N_BUFG          | my_datapath/my24control/state_reg[29][7]_0  | my_datapath/my24control/state_reg[29][0]    |                1 |              8 |
|  clk_N_BUFG          | my_datapath/my24control/state_reg[29][31]_0 | my_datapath/my24control/state_reg[29][24]   |                3 |              8 |
|  clk_N_BUFG          | my_datapath/my24control/state_reg[28][31]_0 | my_datapath/my24control/state_reg[28][24]   |                2 |              8 |
|  clk_N_BUFG          | my_datapath/my24control/state_reg[29][23]_0 | my_datapath/my24control/state_reg[29][16]   |                2 |              8 |
|  clk_N_BUFG          | my_datapath/my24control/state_reg[28][7]_0  | my_datapath/my24control/state_reg[28][0]    |                3 |              8 |
|  clk_N_BUFG          | my_datapath/my24control/state_reg[30][15]_0 | my_datapath/my24control/state_reg[30][8]    |                3 |              8 |
|  clk_N_BUFG          | my_datapath/my24control/state_reg[30][23]_0 | my_datapath/my24control/state_reg[30][16]   |                1 |              8 |
|  clk_N_BUFG          | my_datapath/my24control/state_reg[2][8]     | my_datapath/my24control/state_reg[2][15]    |                4 |              8 |
|  clk_N_BUFG          | my_datapath/my24control/state_reg[30][31]_0 | my_datapath/my24control/state_reg[30][24]   |                2 |              8 |
|  clk_N_BUFG          | my_datapath/my24control/state_reg[2][24]    | my_datapath/my24control/state_reg[2][31]    |                2 |              8 |
|  clk_N_BUFG          | my_datapath/my24control/state_reg[31][31]   | my_datapath/my24control/state_reg[31][24]   |                5 |              8 |
|  clk_N_BUFG          | my_datapath/my24control/state_reg[31][23]   | my_datapath/my24control/state_reg[31][16]   |                5 |              8 |
|  clk_N_BUFG          | my_datapath/my24control/state_reg[32][31]_0 | my_datapath/my24control/state_reg[32][24]   |                3 |              8 |
|  clk_N_BUFG          | my_datapath/my24control/state_reg[31][15]_0 | my_datapath/my24control/state_reg[31][8]    |                3 |              8 |
|  clk_N_BUFG          | my_datapath/my24control/state_reg[31][7]_0  | my_datapath/my24control/state_reg[31][0]    |                4 |              8 |
|  clk_N_BUFG          | my_datapath/my24control/state_reg[32][15]_0 | my_datapath/my24control/state_reg[32][8]    |                3 |              8 |
|  clk_N_BUFG          | my_datapath/my24control/state_reg[30][7]_0  | my_datapath/my24control/state_reg[30][0]    |                3 |              8 |
|  clk_N_BUFG          | my_datapath/my24control/state_reg[32][23]_0 | my_datapath/my24control/state_reg[32][16]   |                3 |              8 |
|  clk_N_BUFG          | my_datapath/my24control/state_reg[39][15]_0 | my_datapath/my24control/state_reg[39][15]   |                2 |              8 |
|  clk_N_BUFG          | my_datapath/my24control/state_reg[39][23]_0 | my_datapath/my24control/state_reg[39][23]   |                2 |              8 |
|  clk_N_BUFG          | my_datapath/my24control/state_reg[38][7]_0  | my_datapath/my24control/state_reg[38][7]    |                2 |              8 |
|  clk_N_BUFG          | my_datapath/my24control/state_reg[37][7]_0  | my_datapath/my24control/state_reg[37][7]    |                1 |              8 |
|  clk_N_BUFG          | my_datapath/my24control/state_reg[37][31]_0 | my_datapath/my24control/state_reg[37][31]   |                2 |              8 |
|  clk_N_BUFG          | my_datapath/my24control/state_reg[33][31]_0 | my_datapath/my24control/state_reg[33][31]   |                2 |              8 |
|  clk_N_BUFG          | my_datapath/my24control/state_reg[39][31]_0 | my_datapath/my24control/state_reg[39][31]   |                2 |              8 |
|  clk_N_BUFG          | my_datapath/my24control/state_reg[36][31]_0 | my_datapath/my24control/state_reg[36][31]   |                2 |              8 |
|  clk_N_BUFG          | my_datapath/my24control/state_reg[38][15]_0 | my_datapath/my24control/state_reg[38][15]   |                2 |              8 |
|  clk_N_BUFG          | my_datapath/my24control/state_reg[39][7]_0  | my_datapath/my24control/state_reg[39][7]    |                2 |              8 |
|  clk_N_BUFG          | my_datapath/my24control/state_reg[34][15]_0 | my_datapath/my24control/state_reg[34][15]   |                2 |              8 |
|  clk_N_BUFG          | my_datapath/my24control/state_reg[3][0]     | my_datapath/my24control/state_reg[3][7]     |                3 |              8 |
|  clk_N_BUFG          | my_datapath/my24control/state_reg[38][31]_0 | my_datapath/my24control/state_reg[38][31]   |                4 |              8 |
|  clk_N_BUFG          | my_datapath/my24control/state_reg[36][7]_0  | my_datapath/my24control/state_reg[36][7]    |                2 |              8 |
|  clk_N_BUFG          | my_datapath/my24control/state_reg[33][7]_0  | my_datapath/my24control/state_reg[33][7]    |                1 |              8 |
|  clk_N_BUFG          | my_datapath/my24control/state_reg[33][15]_0 | my_datapath/my24control/state_reg[33][15]   |                2 |              8 |
|  clk_N_BUFG          | my_datapath/my24control/state_reg[35][31]_0 | my_datapath/my24control/state_reg[35][31]   |                2 |              8 |
|  clk_N_BUFG          | my_datapath/my24control/state_reg[36][15]_0 | my_datapath/my24control/state_reg[36][15]   |                2 |              8 |
|  clk_N_BUFG          | my_datapath/my24control/state_reg[34][31]_0 | my_datapath/my24control/state_reg[34][31]   |                2 |              8 |
|  clk_N_BUFG          | my_datapath/my24control/state_reg[35][23]_0 | my_datapath/my24control/state_reg[35][23]   |                2 |              8 |
|  clk_N_BUFG          | my_datapath/my24control/state_reg[36][23]_0 | my_datapath/my24control/state_reg[36][23]   |                3 |              8 |
|  clk_N_BUFG          | my_datapath/my24control/state_reg[33][23]_0 | my_datapath/my24control/state_reg[33][23]   |                3 |              8 |
|  clk_N_BUFG          | my_datapath/my24control/state_reg[3][16]    | my_datapath/my24control/state_reg[3][23]    |                1 |              8 |
|  clk_N_BUFG          | my_datapath/my24control/state_reg[35][15]_0 | my_datapath/my24control/state_reg[35][15]   |                2 |              8 |
|  clk_N_BUFG          | my_datapath/my24control/state_reg[32][7]_0  | my_datapath/my24control/state_reg[32][0]    |                3 |              8 |
|  clk_N_BUFG          | my_datapath/my24control/state_reg[35][7]_0  | my_datapath/my24control/state_reg[35][7]    |                4 |              8 |
|  clk_N_BUFG          | my_datapath/my24control/state_reg[37][15]_0 | my_datapath/my24control/state_reg[37][15]   |                1 |              8 |
|  clk_N_BUFG          | my_datapath/my24control/state_reg[34][7]_0  | my_datapath/my24control/state_reg[34][7]    |                2 |              8 |
|  clk_N_BUFG          | my_datapath/my24control/state_reg[34][23]_0 | my_datapath/my24control/state_reg[34][23]   |                4 |              8 |
|  clk_N_BUFG          | my_datapath/my24control/state_reg[37][23]_0 | my_datapath/my24control/state_reg[37][23]   |                3 |              8 |
|  clk_N_BUFG          | my_datapath/my24control/state_reg[38][23]_0 | my_datapath/my24control/state_reg[38][23]   |                1 |              8 |
|  clk_N_BUFG          | my_datapath/my24control/state_reg[3][24]    | my_datapath/my24control/state_reg[3][31]_0  |                2 |              8 |
|  clk_N_BUFG          | my_datapath/my24control/state_reg[44][23]_0 | my_datapath/my24control/state_reg[44][23]   |                3 |              8 |
|  clk_N_BUFG          | my_datapath/my24control/state_reg[46][23]_0 | my_datapath/my24control/state_reg[46][23]   |                3 |              8 |
|  clk_N_BUFG          | my_datapath/my24control/state_reg[45][15]_0 | my_datapath/my24control/state_reg[45][15]   |                3 |              8 |
|  clk_N_BUFG          | my_datapath/my24control/state_reg[46][31]_0 | my_datapath/my24control/state_reg[46][31]   |                3 |              8 |
|  clk_N_BUFG          | my_datapath/my24control/state_reg[43][23]_0 | my_datapath/my24control/state_reg[43][23]   |                6 |              8 |
|  clk_N_BUFG          | my_datapath/my24control/state_reg[46][7]_0  | my_datapath/my24control/state_reg[46][7]    |                1 |              8 |
|  clk_N_BUFG          | my_datapath/my24control/state_reg[47][15]_0 | my_datapath/my24control/state_reg[47][15]   |                2 |              8 |
|  clk_N_BUFG          | my_datapath/my24control/state_reg[41][15]_0 | my_datapath/my24control/state_reg[41][15]   |                1 |              8 |
|  clk_N_BUFG          | my_datapath/my24control/state_reg[41][7]_0  | my_datapath/my24control/state_reg[41][7]    |                2 |              8 |
|  clk_N_BUFG          | my_datapath/my24control/state_reg[42][31]_0 | my_datapath/my24control/state_reg[42][31]   |                3 |              8 |
|  clk_N_BUFG          | my_datapath/my24control/state_reg[44][7]_0  | my_datapath/my24control/state_reg[44][7]    |                4 |              8 |
|  clk_N_BUFG          | my_datapath/my24control/state_reg[45][31]_0 | my_datapath/my24control/state_reg[45][31]   |                5 |              8 |
|  clk_N_BUFG          | my_datapath/my24control/state_reg[44][31]_0 | my_datapath/my24control/state_reg[44][31]   |                3 |              8 |
|  clk_N_BUFG          | my_datapath/my24control/state_reg[41][31]_0 | my_datapath/my24control/state_reg[41][31]   |                1 |              8 |
|  clk_N_BUFG          | my_datapath/my24control/state_reg[3][8]     | my_datapath/my24control/state_reg[3][15]    |                2 |              8 |
|  clk_N_BUFG          | my_datapath/my24control/state_reg[43][15]_0 | my_datapath/my24control/state_reg[43][15]   |                1 |              8 |
|  clk_N_BUFG          | my_datapath/my24control/state_reg[40][7]_0  | my_datapath/my24control/state_reg[40][7]    |                2 |              8 |
|  clk_N_BUFG          | my_datapath/my24control/state_reg[42][23]_0 | my_datapath/my24control/state_reg[42][23]   |                3 |              8 |
|  clk_N_BUFG          | my_datapath/my24control/state_reg[40][15]_0 | my_datapath/my24control/state_reg[40][15]   |                5 |              8 |
|  clk_N_BUFG          | my_datapath/my24control/state_reg[40][31]_0 | my_datapath/my24control/state_reg[40][31]   |                4 |              8 |
|  clk_N_BUFG          | my_datapath/my24control/state_reg[42][15]_0 | my_datapath/my24control/state_reg[42][15]   |                2 |              8 |
|  clk_N_BUFG          | my_datapath/my24control/state_reg[40][23]_0 | my_datapath/my24control/state_reg[40][23]   |                2 |              8 |
|  clk_N_BUFG          | my_datapath/my24control/state_reg[43][31]_0 | my_datapath/my24control/state_reg[43][31]   |                2 |              8 |
|  clk_N_BUFG          | my_datapath/my24control/state_reg[44][15]_0 | my_datapath/my24control/state_reg[44][15]   |                1 |              8 |
|  clk_N_BUFG          | my_datapath/my24control/state_reg[45][23]_0 | my_datapath/my24control/state_reg[45][23]   |                2 |              8 |
|  clk_N_BUFG          | my_datapath/my24control/state_reg[43][7]_0  | my_datapath/my24control/state_reg[43][7]    |                4 |              8 |
|  clk_N_BUFG          | my_datapath/my24control/state_reg[45][7]_0  | my_datapath/my24control/state_reg[45][7]    |                2 |              8 |
|  clk_N_BUFG          | my_datapath/my24control/state_reg[42][7]_0  | my_datapath/my24control/state_reg[42][7]    |                2 |              8 |
|  clk_N_BUFG          | my_datapath/my24control/state_reg[46][15]_0 | my_datapath/my24control/state_reg[46][15]   |                5 |              8 |
|  clk_N_BUFG          | my_datapath/my24control/state_reg[41][23]_0 | my_datapath/my24control/state_reg[41][23]   |                2 |              8 |
|  clk_N_BUFG          | my_datapath/my24control/state_reg[48][0]_0  | my_datapath/my24control/state_reg[48][7]_0  |                2 |              8 |
|  clk_N_BUFG          | my_datapath/my24control/state_reg[4][0]_1   | my_datapath/my24control/state_reg[4][0]     |                2 |              8 |
|  clk_N_BUFG          | my_datapath/my24control/state_reg[48][16]   | my_datapath/my24control/state_reg[48][23]   |                5 |              8 |
|  clk_N_BUFG          | my_datapath/my24control/state_reg[49][31]_1 | my_datapath/my24control/state_reg[49][31]_0 |                3 |              8 |
|  clk_N_BUFG          | my_datapath/my24control/state_reg[47][31]_1 | my_datapath/my24control/state_reg[47][31]_0 |                2 |              8 |
|  clk_N_BUFG          | my_datapath/my24control/state_reg[49][15]_1 | my_datapath/my24control/state_reg[49][15]_0 |                4 |              8 |
|  clk_N_BUFG          | my_datapath/my24control/state_reg[49][23]_1 | my_datapath/my24control/state_reg[49][23]_0 |                3 |              8 |
|  clk_N_BUFG          | my_datapath/my24control/state_reg[47][7]_0  | my_datapath/my24control/state_reg[47][7]    |                3 |              8 |
|  clk_N_BUFG          | my_datapath/my24control/state_reg[48][24]   | my_datapath/my24control/state_reg[48][31]   |                2 |              8 |
|  clk_N_BUFG          | my_datapath/my24control/state_reg[47][23]_0 | my_datapath/my24control/state_reg[47][23]   |                3 |              8 |
|  clk_N_BUFG          | my_datapath/my24control/state_reg[49][7]_0  | my_datapath/my24control/state_reg[49][7]    |                4 |              8 |
|  clk_N_BUFG          | my_datapath/my24control/state_reg[48][8]    | my_datapath/my24control/state_reg[48][15]   |                2 |              8 |
|  clk_N_BUFG          | my_datapath/my24control/state_reg[6][0]     | my_datapath/my24control/state_reg[6][7]     |                5 |              8 |
|  clk_N_BUFG          | my_datapath/my24control/state_reg[8][0]     | my_datapath/my24control/state_reg[8][7]_0   |                4 |              8 |
|  clk_N_BUFG          | my_datapath/my24control/state_reg[8][16]    | my_datapath/my24control/state_reg[8][23]_0  |                2 |              8 |
|  clk_N_BUFG          | my_datapath/my24control/state_reg[4][16]    | my_datapath/my24control/state_reg[4][16]_0  |                2 |              8 |
|  clk_N_BUFG          | my_datapath/my24control/state_reg[8][24]    | my_datapath/my24control/state_reg[8][31]_0  |                3 |              8 |
|  clk_N_BUFG          | my_datapath/my24control/state_reg[5][16]    | my_datapath/my24control/state_reg[5][23]    |                2 |              8 |
|  clk_N_BUFG          | my_datapath/my24control/state_reg[6][16]    | my_datapath/my24control/state_reg[6][23]    |                2 |              8 |
|  clk_N_BUFG          | my_datapath/my24control/state_reg[6][8]     | my_datapath/my24control/state_reg[6][15]    |                3 |              8 |
|  clk_N_BUFG          | my_datapath/my24control/state_reg[7][8]     | my_datapath/my24control/state_reg[7][15]    |                3 |              8 |
|  clk_N_BUFG          | my_datapath/my24control/state_reg[7][0]     | my_datapath/my24control/state_reg[7][7]     |                2 |              8 |
|  clk_N_BUFG          | my_datapath/my24control/state_reg[5][24]    | my_datapath/my24control/state_reg[5][31]_0  |                2 |              8 |
|  clk_N_BUFG          | my_datapath/my24control/state_reg[4][8]_0   | my_datapath/my24control/state_reg[4][8]_1   |                2 |              8 |
|  clk_N_BUFG          | my_datapath/my24control/state_reg[5][7]     | my_datapath/my24control/state_reg[5][0]     |                4 |              8 |
|  clk_N_BUFG          | my_datapath/my24control/state_reg[7][24]    | my_datapath/my24control/state_reg[7][31]    |                2 |              8 |
|  clk_N_BUFG          | my_datapath/my24control/state_reg[5][8]     | my_datapath/my24control/state_reg[5][15]    |                4 |              8 |
|  clk_N_BUFG          | my_datapath/my24control/state_reg[4][24]    | my_datapath/my24control/state_reg[4][31]    |                3 |              8 |
|  clk_N_BUFG          | my_datapath/my24control/state_reg[6][24]    | my_datapath/my24control/state_reg[6][31]    |                2 |              8 |
|  clk_N_BUFG          | my_datapath/my24control/state_reg[7][16]    | my_datapath/my24control/state_reg[7][23]    |                7 |              8 |
|  clk_N_BUFG          | my_datapath/my24control/state_reg[9][8]     | my_datapath/my24control/state_reg[9][15]    |                4 |              8 |
|  clk_N_BUFG          | my_datapath/my24control/state_reg[9][24]    | my_datapath/my24control/state_reg[9][31]    |                8 |              8 |
|  clk_N_BUFG          | my_datapath/my24control/state_reg[9][16]    | my_datapath/my24control/state_reg[9][23]    |                4 |              8 |
|  clk_N_BUFG          | my_datapath/my24control/state_reg[9][0]     | my_datapath/my24control/state_reg[9][7]     |                4 |              8 |
|  clk_N_BUFG          | my_datapath/my24control/state_reg[8][8]     | my_datapath/my24control/state_reg[8][15]_0  |                2 |              8 |
|  clk_N_BUFG          | my_datapath/my24control/state_reg[10][0]    | my_datapath/my24control/state_reg[10][7]    |                3 |              8 |
|  clk_N_BUFG          | my_datapath/my24control/state_reg[10][16]   | my_datapath/my24control/state_reg[10][23]   |                2 |              8 |
|  clk_N_BUFG          | my_datapath/my24control/state_reg[10][24]   | my_datapath/my24control/state_reg[10][31]   |                2 |              8 |
|  clk_N_BUFG          | my_datapath/my24control/state_reg[10][8]    | my_datapath/my24control/state_reg[10][15]   |                1 |              8 |
|  clk_N_BUFG          | my_datapath/my24control/state_reg[0][16]    | my_datapath/my24control/state_reg[0][23]    |                4 |              8 |
|  clk_N_BUFG          | my_datapath/my24control/state_reg[0][8]     | my_datapath/my24control/state_reg[0][15]_0  |                1 |              8 |
|  clk_N_BUFG          | my_datapath/my24control/state_reg[0][0]     | my_datapath/my24control/state_reg[0][7]     |                5 |              8 |
|  clk_N_BUFG          | my_datapath/my24control/state_reg[0][24]    | my_datapath/my24control/state_reg[0][31]    |                2 |              8 |
|  clk_N_BUFG          | my_datapath/my24control/state_reg[15][8]    | my_datapath/my24control/state_reg[15][15]   |                2 |              8 |
|  clk_N_BUFG          | my_datapath/my24control/state_reg[11][23]   | my_datapath/my24control/state_reg[11][16]   |                3 |              8 |
|  clk_N_BUFG          | my_datapath/my24control/state_reg[14][0]    | my_datapath/my24control/state_reg[14][7]    |                4 |              8 |
|  clk_N_BUFG          | my_datapath/my24control/state_reg[15][16]   | my_datapath/my24control/state_reg[15][23]   |                3 |              8 |
|  clk_N_BUFG          | my_datapath/my24control/state_reg[11][31]   | my_datapath/my24control/state_reg[11][24]   |                3 |              8 |
|  clk_N_BUFG          | my_datapath/my24control/state_reg[13][7]    | my_datapath/my24control/state_reg[11][0]_0  |                2 |              8 |
|  clk_N_BUFG          | my_datapath/my24control/state_reg[14][24]   | my_datapath/my24control/state_reg[14][31]   |                2 |              8 |
|  clk_N_BUFG          | my_datapath/my24control/state_reg[13][23]   | my_datapath/my24control/state_reg[11][16]   |                4 |              8 |
|  clk_N_BUFG          | my_datapath/my24control/state_reg[13][15]_0 | my_datapath/my24control/state_reg[11][8]    |                3 |              8 |
|  clk_N_BUFG          | my_datapath/my24control/state_reg[15][24]   | my_datapath/my24control/state_reg[15][31]   |                2 |              8 |
|  clk_N_BUFG          | my_datapath/my24control/state_reg[12][0]    | my_datapath/my24control/state_reg[12][7]    |                5 |              8 |
|  clk_N_BUFG          | my_datapath/my24control/state_reg[12][24]   | my_datapath/my24control/state_reg[12][31]   |                2 |              8 |
|  clk_N_BUFG          | my_datapath/my24control/state_reg[14][16]   | my_datapath/my24control/state_reg[14][23]   |                2 |              8 |
|  clk_N_BUFG          | my_datapath/my24control/state_reg[13][31]   | my_datapath/my24control/state_reg[11][24]   |                4 |              8 |
|  clk_N_BUFG          | my_datapath/my24control/state_reg[14][8]    | my_datapath/my24control/state_reg[14][15]   |                3 |              8 |
|  clk_N_BUFG          | my_datapath/my24control/state_reg[15][7]_0  | my_datapath/my24control/state_reg[15][0]_1  |                2 |              8 |
|  clk_N_BUFG          | my_datapath/my24control/state_reg[12][16]   | my_datapath/my24control/state_reg[12][23]   |                4 |              8 |
|  clk_N_BUFG          | my_datapath/my24control/state_reg[11][15]_0 | my_datapath/my24control/state_reg[11][8]    |                2 |              8 |
|  clk_N_BUFG          | my_datapath/my24control/state_reg[12][8]    | my_datapath/my24control/state_reg[12][15]   |                3 |              8 |
|  clk_N_BUFG          | my_datapath/my24control/state_reg[11][7]_0  | my_datapath/my24control/state_reg[11][0]_0  |                2 |              8 |
|  clk_N_BUFG          | my_datapath/my24control/state_reg[16][16]   | my_datapath/my24control/state_reg[16][23]   |                1 |              8 |
|  clk_N_BUFG          | my_datapath/my24control/state_reg[16][8]    | my_datapath/my24control/state_reg[16][15]   |                2 |              8 |
|  clk_N_BUFG          | my_datapath/my24control/state_reg[16][24]   | my_datapath/my24control/state_reg[16][31]   |                3 |              8 |
|  clk_N_BUFG          | my_datapath/my24control/state_reg[18][24]   | my_datapath/my24control/state_reg[18][31]   |                2 |              8 |
|  clk_N_BUFG          | my_datapath/my24control/state_reg[17][15]   | my_datapath/my24control/state_reg[17][8]    |                4 |              8 |
|  clk_N_BUFG          | my_datapath/my24control/state_reg[17][31]   | my_datapath/my24control/state_reg[17][24]   |                4 |              8 |
|  clk_N_BUFG          | my_datapath/my24control/state_reg[17][23]   | my_datapath/my24control/state_reg[17][16]   |                3 |              8 |
|  clk_N_BUFG          | my_datapath/my24control/state_reg[16][0]    | my_datapath/my24control/state_reg[16][7]    |                2 |              8 |
|  clk_N_BUFG          | my_datapath/my24control/state_reg[18][8]    | my_datapath/my24control/state_reg[18][15]   |                2 |              8 |
|  clk_N_BUFG          | my_datapath/my24control/state_reg[17][7]_0  | my_datapath/my24control/state_reg[17][0]_0  |                3 |              8 |
|  clk_N_BUFG          | my_datapath/my24control/state_reg[18][16]   | my_datapath/my24control/state_reg[18][23]   |                2 |              8 |
|  clk_N_BUFG          | my_datapath/my24control/state_reg[18][0]    | my_datapath/my24control/state_reg[18][7]    |                2 |              8 |
|  clk_N_BUFG          | my_datapath/my24control/state_reg[19][0]    | my_datapath/my24control/state_reg[19][7]    |                3 |              8 |
|  clk_N_BUFG          | my_datapath/my24control/state_reg[20][16]   | my_datapath/my24control/state_reg[20][23]   |                2 |              8 |
|  clk_N_BUFG          | my_datapath/my24control/state_reg[20][8]    | my_datapath/my24control/state_reg[20][15]   |                2 |              8 |
|  clk_N_BUFG          | my_datapath/my24control/state_reg[21][8]    | my_datapath/my24control/state_reg[21][15]   |                3 |              8 |
|  clk_N_BUFG          | my_datapath/my24control/state_reg[29][15]_0 | my_datapath/my24control/state_reg[29][8]    |                4 |              8 |
|  clk_N_BUFG          | my_datapath/my24control/state_reg[21][7]_0  | my_datapath/my24control/state_reg[21][0]_0  |                2 |              8 |
|  clk_N_BUFG          | my_datapath/my24control/state_reg[22][0]    | my_datapath/my24control/state_reg[22][7]    |                2 |              8 |
|  clk_N_BUFG          | my_datapath/my24control/state_reg[22][8]    | my_datapath/my24control/state_reg[22][15]   |                3 |              8 |
|  clk_N_BUFG          | my_datapath/my24control/state_reg[23][0]    | my_datapath/my24control/state_reg[23][7]    |                4 |              8 |
|  clk_N_BUFG          | my_datapath/my24control/state_reg[23][16]   | my_datapath/my24control/state_reg[23][23]   |                3 |              8 |
|  clk_N_BUFG          | my_datapath/my24control/state_reg[20][0]    | my_datapath/my24control/state_reg[20][7]    |                2 |              8 |
|  clk_N_BUFG          | my_datapath/my24control/state_reg[2][0]     | my_datapath/my24control/state_reg[2][7]_0   |                3 |              8 |
|  clk_N_BUFG          | my_datapath/my24control/state_reg[20][24]   | my_datapath/my24control/state_reg[20][31]   |                2 |              8 |
|  clk_N_BUFG          | my_datapath/my24control/state_reg[23][24]   | my_datapath/my24control/state_reg[23][31]   |                3 |              8 |
|  clk_N_BUFG          | my_datapath/my24control/state_reg[22][16]   | my_datapath/my24control/state_reg[22][23]   |                2 |              8 |
|  clk_N_BUFG          | my_datapath/my24control/state_reg[1][7]     | my_datapath/my24control/state_reg[1][0]     |                3 |              8 |
|  clk_N_BUFG          | my_datapath/my24control/state_reg[24][0]    | my_datapath/my24control/state_reg[27][0]    |                4 |              8 |
|  clk_N_BUFG          | my_datapath/my24control/state_reg[22][24]   | my_datapath/my24control/state_reg[22][31]   |                4 |              8 |
|  clk_N_BUFG          | my_datapath/my24control/state_reg[23][8]    | my_datapath/my24control/state_reg[23][15]   |                2 |              8 |
|  clk_N_BUFG          | my_datapath/my24control/state_reg[1][23]    | my_datapath/my24control/state_reg[1][16]    |                2 |              8 |
|  clk_N_BUFG          | my_datapath/my24control/state_reg[1][31]    | my_datapath/my24control/state_reg[1][24]    |                3 |              8 |
|  clk_N_BUFG          | my_datapath/my24control/state_reg[21][16]   | my_datapath/my24control/state_reg[21][23]   |                3 |              8 |
|  clk_N_BUFG          | my_datapath/my24control/state_reg[21][24]   | my_datapath/my24control/state_reg[21][31]   |                1 |              8 |
|  clk_N_BUFG          | my_datapath/my24control/state_reg[1][15]    | my_datapath/my24control/state_reg[1][8]     |                2 |              8 |
|  clk_N_BUFG          | my_datapath/my24control/state_reg[19][16]   | my_datapath/my24control/state_reg[19][23]   |                2 |              8 |
|  clk_N_BUFG          | my_datapath/my24control/state_reg[24][16]   | my_datapath/my24control/state_reg[27][16]_0 |                3 |              8 |
|  clk_N_BUFG          | my_datapath/my24control/state_reg[25][24]   | my_datapath/my24control/state_reg[27][24]_0 |                3 |              8 |
|  clk_N_BUFG          | my_datapath/my24control/state_reg[26][16]   | my_datapath/my24control/state_reg[27][16]_0 |                3 |              8 |
|  clk_N_BUFG          | my_datapath/my24control/state_reg[25][16]   | my_datapath/my24control/state_reg[27][16]_0 |                3 |              8 |
|  clk_N_BUFG          | my_datapath/my24control/state_reg[24][8]    | my_datapath/my24control/state_reg[27][8]_0  |                2 |              8 |
|  clk_N_BUFG          | my_datapath/my24control/state_reg[25][8]    | my_datapath/my24control/state_reg[27][8]_0  |                2 |              8 |
|  clk_N_BUFG          | my_datapath/my24control/state_reg[25][0]    | my_datapath/my24control/state_reg[27][0]    |                2 |              8 |
|  clk_N_BUFG          | my_datapath/my24control/state_reg[26][0]    | my_datapath/my24control/state_reg[27][0]    |                3 |              8 |
|  clk_N_BUFG          | my_datapath/my24control/state_reg[26][24]   | my_datapath/my24control/state_reg[27][24]_0 |                2 |              8 |
|  clk_N_BUFG          | my_datapath/my24control/state_reg[24][24]   | my_datapath/my24control/state_reg[27][24]_0 |                2 |              8 |
|  clk_N_BUFG          | my_datapath/my24control/state_reg[26][8]    | my_datapath/my24control/state_reg[27][8]_0  |                2 |              8 |
|  clk_N_BUFG          | my_datapath/my24control/state_reg[27][16]   | my_datapath/my24control/state_reg[27][16]_0 |                3 |              8 |
|  clk_N_BUFG          | my_datapath/my24control/state_reg[27][0]_0  | my_datapath/my24control/state_reg[27][0]    |                5 |              8 |
|  clk_N_BUFG          | my_datapath/my24control/state_reg[27][24]   | my_datapath/my24control/state_reg[27][24]_0 |                2 |              8 |
|  clk_N_BUFG          | my_datapath/my24control/state_reg[27][8]    | my_datapath/my24control/state_reg[27][8]_0  |                4 |              8 |
|  clk_N_BUFG          | my_datapath/my24control/state_reg[28][15]_0 | my_datapath/my24control/state_reg[28][8]    |                2 |              8 |
|  clk_N_BUFG          | my_datapath/my24control/state_reg[28][23]_0 | my_datapath/my24control/state_reg[28][16]   |                1 |              8 |
|  clk_N_BUFG          | my_datapath/my24control/state_reg[2][16]    | my_datapath/my24control/state_reg[2][23]    |                2 |              8 |
|  clk_N_BUFG          | my_datapath/PC/JMP                          | rst_IBUF                                    |                4 |             16 |
|  clk_N_BUFG          | my_datapath/PC/condition_signal             | rst_IBUF                                    |                4 |             16 |
|  clk_N_BUFG          | my_datapath/PC/I61                          | rst_IBUF                                    |               17 |             32 |
|  clk_N_BUFG          | my_datapath/PC/I62                          | rst_IBUF                                    |               18 |             32 |
|  clk_N_BUFG          | my_datapath/PC/I64                          | rst_IBUF                                    |               18 |             32 |
|  clk_N_BUFG          | my_datapath/PC/I48                          | rst_IBUF                                    |               21 |             32 |
|  clk_N_BUFG          | my_datapath/PC/I63                          | rst_IBUF                                    |               26 |             32 |
|  clk_N_BUFG          | my_datapath/PC/I49                          | rst_IBUF                                    |               21 |             32 |
|  clk_N_BUFG          | my_datapath/PC/I54                          | rst_IBUF                                    |               18 |             32 |
|  clk_N_BUFG          | my_datapath/PC/I57                          | rst_IBUF                                    |               19 |             32 |
|  clk_N_BUFG          | my_datapath/PC/I51                          | rst_IBUF                                    |               26 |             32 |
|  clk_N_BUFG          | my_datapath/PC/I52                          | rst_IBUF                                    |               24 |             32 |
|  clk_N_BUFG          | my_datapath/PC/I56                          | rst_IBUF                                    |               24 |             32 |
|  clk_N_BUFG          | my_datapath/PC/I60                          | rst_IBUF                                    |               13 |             32 |
|  clk_N_BUFG          | my_datapath/PC/I65                          | rst_IBUF                                    |               23 |             32 |
|  clk_N_BUFG          | my_datapath/PC/I50                          | rst_IBUF                                    |               20 |             32 |
|  clk_N_BUFG          | my_datapath/PC/I55                          | rst_IBUF                                    |               26 |             32 |
|  clk_N_BUFG          | my_datapath/PC/I67                          | rst_IBUF                                    |               14 |             32 |
|  clk_N_BUFG          | my_datapath/PC/REG_FILE                     | rst_IBUF                                    |               20 |             32 |
|  clk_N_BUFG          | my_datapath/PC/I70                          | rst_IBUF                                    |               15 |             32 |
|  clk_N_BUFG          | my_datapath/PC/I71                          | rst_IBUF                                    |               23 |             32 |
|  clk_N_BUFG          | my_datapath/PC/I76                          | rst_IBUF                                    |               25 |             32 |
|  clk_N_BUFG          | my_datapath/PC/I69                          | rst_IBUF                                    |               19 |             32 |
|  clk_N_BUFG          | my_datapath/PC/I53                          | rst_IBUF                                    |               19 |             32 |
|  clk_N_BUFG          | my_datapath/PC/I73                          | rst_IBUF                                    |               20 |             32 |
|  clk_N_BUFG          | my_datapath/PC/I78                          | rst_IBUF                                    |               22 |             32 |
|  clk_N_BUFG          | my_datapath/PC/I68                          | rst_IBUF                                    |               16 |             32 |
|  clk_N_BUFG          | my_datapath/PC/I75                          | rst_IBUF                                    |               17 |             32 |
|  clk_N_BUFG          | my_datapath/PC/I72                          | rst_IBUF                                    |               14 |             32 |
|  clk_N_BUFG          | my_datapath/PC/I74                          | rst_IBUF                                    |               17 |             32 |
|  clk_N_BUFG          | my_datapath/PC/I77                          | rst_IBUF                                    |               22 |             32 |
|  clk_N_BUFG          | my_datapath/PC/I66                          | rst_IBUF                                    |               23 |             32 |
|  clk_N_BUFG          | my_datapath/PC/I59                          | rst_IBUF                                    |               17 |             32 |
|  clk_N_BUFG          | my_datapath/myregfile/E[0]                  | rst_IBUF                                    |               22 |             32 |
|  clk_N_BUFG          | my_datapath/PC/I58                          | rst_IBUF                                    |               22 |             32 |
|  clk_IBUF_BUFG       |                                             | clk_div/clear                               |                8 |             32 |
|  clk_IBUF_BUFG       | clk_div/counter[0]_i_2_n_0                  | clk_div/counter[0]_i_1_n_0                  |                8 |             32 |
|  clk_N_BUFG          | my_datapath/myregfile/PCena                 | rst_IBUF                                    |               21 |             48 |
+----------------------+---------------------------------------------+---------------------------------------------+------------------+----------------+


+--------+-----------------------+
| Fanout | Number of ControlSets |
+--------+-----------------------+
| 2      |                     1 |
| 3      |                     1 |
| 4      |                     1 |
| 5      |                     2 |
| 6      |                     1 |
| 8      |                   198 |
| 16+    |                    38 |
+--------+-----------------------+


